{"meta": {"format": 3, "version": "7.14.1", "timestamp": "2026-06-02T16:19:26.981410", "branch_coverage": false, "show_contexts": false}, "files": {"ramses_ingest\\__init__.py": {"executed_lines": [4], "summary": {"covered_lines": 1, "num_statements": 1, "percent_covered": 100.0, "percent_covered_display": "100", "missing_lines": 0, "excluded_lines": 0, "percent_statements_covered": 100.0, "percent_statements_covered_display": "100"}, "missing_lines": [], "excluded_lines": [], "functions": {"": {"executed_lines": [4], "summary": {"covered_lines": 1, "num_statements": 1, "percent_covered": 100.0, "percent_covered_display": "100", "missing_lines": 0, "excluded_lines": 0, "percent_statements_covered": 100.0, "percent_statements_covered_display": "100"}, "missing_lines": [], "excluded_lines": [], "start_line": 1}}, "classes": {"": {"executed_lines": [4], "summary": {"covered_lines": 1, "num_statements": 1, "percent_covered": 100.0, "percent_covered_display": "100", "missing_lines": 0, "excluded_lines": 0, "percent_statements_covered": 100.0, "percent_statements_covered_display": "100"}, "missing_lines": [], "excluded_lines": [], "start_line": 1}}}, "ramses_ingest\\__main__.py": {"executed_lines": [], "summary": {"covered_lines": 0, "num_statements": 8, "percent_covered": 0.0, "percent_covered_display": "0", "missing_lines": 8, "excluded_lines": 0, "percent_statements_covered": 0.0, "percent_statements_covered_display": "0"}, "missing_lines": [4, 5, 8, 9, 10, 12, 14, 15], "excluded_lines": [], "functions": {"": {"executed_lines": [], "summary": {"covered_lines": 0, "num_statements": 8, "percent_covered": 0.0, "percent_covered_display": "0", "missing_lines": 8, "excluded_lines": 0, "percent_statements_covered": 0.0, "percent_statements_covered_display": "0"}, "missing_lines": [4, 5, 8, 9, 10, 12, 14, 15], "excluded_lines": [], "start_line": 1}}, "classes": {"": {"executed_lines": [], "summary": {"covered_lines": 0, "num_statements": 8, "percent_covered": 0.0, "percent_covered_display": "0", "missing_lines": 8, "excluded_lines": 0, "percent_statements_covered": 0.0, "percent_statements_covered_display": "0"}, "missing_lines": [4, 5, 8, 9, 10, 12, 14, 15], "excluded_lines": [], "start_line": 1}}}, "ramses_ingest\\app.py": {"executed_lines": [9, 11, 12, 13, 14, 15, 16, 18, 19, 20, 21, 26, 27, 28, 29, 32, 34, 37, 39, 40, 41, 42, 43, 48, 51, 52, 53, 54, 55, 56, 57, 58, 59, 60, 64, 65, 66, 67, 68, 69, 70, 71, 72, 73, 74, 75, 76, 77, 78, 79, 80, 81, 82, 83, 84, 85, 86, 87, 88, 89, 93, 139, 140, 141, 145, 184, 185, 186, 187, 189, 190, 192, 193, 194, 197, 202, 203, 204, 205, 206, 207, 224, 225, 228, 229, 230, 231, 233, 234, 235, 236, 237, 238, 239, 240, 241, 245, 246, 247, 251, 252, 253, 254, 255, 256, 257, 258, 259, 265, 266, 268, 269, 271, 274, 275, 276, 277, 278, 279, 280, 281, 283, 287, 288, 289, 290, 291, 293, 297, 300], "summary": {"covered_lines": 130, "num_statements": 231, "percent_covered": 56.277056277056275, "percent_covered_display": "56", "missing_lines": 101, "excluded_lines": 0, "percent_statements_covered": 56.277056277056275, "percent_statements_covered_display": "56"}, "missing_lines": [44, 45, 95, 96, 97, 98, 99, 100, 101, 102, 103, 104, 105, 107, 108, 110, 111, 113, 114, 115, 116, 117, 118, 120, 121, 122, 123, 124, 126, 127, 128, 129, 130, 131, 132, 133, 135, 136, 137, 146, 147, 148, 149, 151, 152, 153, 154, 155, 156, 157, 159, 160, 162, 163, 164, 165, 166, 167, 169, 170, 171, 173, 176, 177, 178, 179, 180, 182, 195, 200, 210, 211, 212, 213, 214, 215, 216, 217, 218, 219, 220, 221, 223, 227, 242, 243, 248, 249, 250, 260, 261, 262, 263, 264, 272, 284, 285, 294, 295, 301, 302], "excluded_lines": [], "functions": {"_optimal_io_workers": {"executed_lines": [34], "summary": {"covered_lines": 1, "num_statements": 1, "percent_covered": 100.0, "percent_covered_display": "100", "missing_lines": 0, "excluded_lines": 0, "percent_statements_covered": 100.0, "percent_statements_covered_display": "100"}, "missing_lines": [], "excluded_lines": [], "start_line": 32}, "_generate_one_thumbnail": {"executed_lines": [39, 40, 41, 42, 43], "summary": {"covered_lines": 5, "num_statements": 7, "percent_covered": 71.42857142857143, "percent_covered_display": "71", "missing_lines": 2, "excluded_lines": 0, "percent_statements_covered": 71.42857142857143, "percent_statements_covered_display": "71"}, "missing_lines": [44, 45], "excluded_lines": [], "start_line": 37}, "IngestEngine.__init__": {"executed_lines": [52, 53, 54, 55, 56, 57, 58, 59, 60], "summary": {"covered_lines": 9, "num_statements": 9, "percent_covered": 100.0, "percent_covered_display": "100", "missing_lines": 0, "excluded_lines": 0, "percent_statements_covered": 100.0, "percent_statements_covered_display": "100"}, "missing_lines": [], "excluded_lines": [], "start_line": 51}, "IngestEngine.project_id": {"executed_lines": [65], "summary": {"covered_lines": 1, "num_statements": 1, "percent_covered": 100.0, "percent_covered_display": "100", "missing_lines": 0, "excluded_lines": 0, "percent_statements_covered": 100.0, "percent_statements_covered_display": "100"}, "missing_lines": [], "excluded_lines": [], "start_line": 65}, "IngestEngine.project_name": {"executed_lines": [67], "summary": {"covered_lines": 1, "num_statements": 1, "percent_covered": 100.0, "percent_covered_display": "100", "missing_lines": 0, "excluded_lines": 0, "percent_statements_covered": 100.0, "percent_statements_covered_display": "100"}, "missing_lines": [], "excluded_lines": [], "start_line": 67}, "IngestEngine.project_path": {"executed_lines": [69], "summary": {"covered_lines": 1, "num_statements": 1, "percent_covered": 100.0, "percent_covered_display": "100", "missing_lines": 0, "excluded_lines": 0, "percent_statements_covered": 100.0, "percent_statements_covered_display": "100"}, "missing_lines": [], "excluded_lines": [], "start_line": 69}, "IngestEngine.step_id": {"executed_lines": [73], "summary": {"covered_lines": 1, "num_statements": 1, "percent_covered": 100.0, "percent_covered_display": "100", "missing_lines": 0, "excluded_lines": 0, "percent_statements_covered": 100.0, "percent_statements_covered_display": "100"}, "missing_lines": [], "excluded_lines": [], "start_line": 73}, "IngestEngine.connected": {"executed_lines": [75], "summary": {"covered_lines": 1, "num_statements": 1, "percent_covered": 100.0, "percent_covered_display": "100", "missing_lines": 0, "excluded_lines": 0, "percent_statements_covered": 100.0, "percent_statements_covered_display": "100"}, "missing_lines": [], "excluded_lines": [], "start_line": 75}, "IngestEngine.existing_sequences": {"executed_lines": [77], "summary": {"covered_lines": 1, "num_statements": 1, "percent_covered": 100.0, "percent_covered_display": "100", "missing_lines": 0, "excluded_lines": 0, "percent_statements_covered": 100.0, "percent_statements_covered_display": "100"}, "missing_lines": [], "excluded_lines": [], "start_line": 77}, "IngestEngine.existing_shots": {"executed_lines": [79], "summary": {"covered_lines": 1, "num_statements": 1, "percent_covered": 100.0, "percent_covered_display": "100", "missing_lines": 0, "excluded_lines": 0, "percent_statements_covered": 100.0, "percent_statements_covered_display": "100"}, "missing_lines": [], "excluded_lines": [], "start_line": 79}, "IngestEngine.steps": {"executed_lines": [81], "summary": {"covered_lines": 1, "num_statements": 1, "percent_covered": 100.0, "percent_covered_display": "100", "missing_lines": 0, "excluded_lines": 0, "percent_statements_covered": 100.0, "percent_statements_covered_display": "100"}, "missing_lines": [], "excluded_lines": [], "start_line": 81}, "IngestEngine.rules": {"executed_lines": [85], "summary": {"covered_lines": 1, "num_statements": 1, "percent_covered": 100.0, "percent_covered_display": "100", "missing_lines": 0, "excluded_lines": 0, "percent_statements_covered": 100.0, "percent_statements_covered_display": "100"}, "missing_lines": [], "excluded_lines": [], "start_line": 85}, "IngestEngine.debug_mode": {"executed_lines": [89], "summary": {"covered_lines": 1, "num_statements": 1, "percent_covered": 100.0, "percent_covered_display": "100", "missing_lines": 0, "excluded_lines": 0, "percent_statements_covered": 100.0, "percent_statements_covered_display": "100"}, "missing_lines": [], "excluded_lines": [], "start_line": 89}, "IngestEngine.connect_ramses": {"executed_lines": [], "summary": {"covered_lines": 0, "num_statements": 37, "percent_covered": 0.0, "percent_covered_display": "0", "missing_lines": 37, "excluded_lines": 0, "percent_statements_covered": 0.0, "percent_statements_covered_display": "0"}, "missing_lines": [95, 96, 97, 98, 99, 100, 101, 102, 103, 104, 105, 107, 108, 110, 111, 113, 114, 115, 116, 117, 118, 120, 121, 122, 123, 124, 126, 127, 128, 129, 130, 131, 132, 133, 135, 136, 137], "excluded_lines": [], "start_line": 93}, "IngestEngine._require_connection": {"executed_lines": [140, 141], "summary": {"covered_lines": 2, "num_statements": 2, "percent_covered": 100.0, "percent_covered_display": "100", "missing_lines": 0, "excluded_lines": 0, "percent_statements_covered": 100.0, "percent_statements_covered_display": "100"}, "missing_lines": [], "excluded_lines": [], "start_line": 139}, "IngestEngine.load_delivery": {"executed_lines": [], "summary": {"covered_lines": 0, "num_statements": 23, "percent_covered": 0.0, "percent_covered_display": "0", "missing_lines": 23, "excluded_lines": 0, "percent_statements_covered": 0.0, "percent_statements_covered_display": "0"}, "missing_lines": [146, 147, 148, 149, 151, 159, 160, 162, 163, 164, 165, 166, 167, 169, 170, 171, 173, 176, 177, 178, 179, 180, 182], "excluded_lines": [], "start_line": 145}, "IngestEngine.load_delivery._iter_candidate_files": {"executed_lines": [], "summary": {"covered_lines": 0, "num_statements": 6, "percent_covered": 0.0, "percent_covered_display": "0", "missing_lines": 6, "excluded_lines": 0, "percent_statements_covered": 0.0, "percent_statements_covered_display": "0"}, "missing_lines": [152, 153, 154, 155, 156, 157], "excluded_lines": [], "start_line": 151}, "IngestEngine.execute": {"executed_lines": [185, 186, 187, 189, 190, 192, 193, 194, 197, 202, 203, 204, 205, 206, 207, 224, 225, 228, 229, 230, 231, 233, 234, 235, 236, 237, 238, 239, 240, 241, 245, 246, 247, 251, 252, 253, 254, 255, 256, 257, 258, 259, 265, 266, 268, 269, 271, 274, 275, 276, 277, 278, 279, 280, 281, 283, 287, 288, 289, 290, 291, 293, 297], "summary": {"covered_lines": 63, "num_statements": 94, "percent_covered": 67.02127659574468, "percent_covered_display": "67", "missing_lines": 31, "excluded_lines": 0, "percent_statements_covered": 67.02127659574468, "percent_statements_covered_display": "67"}, "missing_lines": [195, 200, 210, 211, 212, 213, 214, 215, 216, 217, 218, 219, 220, 221, 223, 227, 242, 243, 248, 249, 250, 260, 261, 262, 263, 264, 272, 284, 285, 294, 295], "excluded_lines": [], "start_line": 184}, "main": {"executed_lines": [], "summary": {"covered_lines": 0, "num_statements": 2, "percent_covered": 0.0, "percent_covered_display": "0", "missing_lines": 2, "excluded_lines": 0, "percent_statements_covered": 0.0, "percent_statements_covered_display": "0"}, "missing_lines": [301, 302], "excluded_lines": [], "start_line": 300}, "": {"executed_lines": [9, 11, 12, 13, 14, 15, 16, 18, 19, 20, 21, 26, 27, 28, 29, 32, 37, 48, 51, 64, 66, 68, 70, 72, 74, 76, 78, 80, 82, 84, 86, 88, 93, 139, 145, 184, 300], "summary": {"covered_lines": 37, "num_statements": 37, "percent_covered": 100.0, "percent_covered_display": "100", "missing_lines": 0, "excluded_lines": 0, "percent_statements_covered": 100.0, "percent_statements_covered_display": "100"}, "missing_lines": [], "excluded_lines": [], "start_line": 1}}, "classes": {"IngestEngine": {"executed_lines": [52, 53, 54, 55, 56, 57, 58, 59, 60, 65, 67, 69, 71, 73, 75, 77, 79, 81, 83, 85, 87, 89, 140, 141, 185, 186, 187, 189, 190, 192, 193, 194, 197, 202, 203, 204, 205, 206, 207, 224, 225, 228, 229, 230, 231, 233, 234, 235, 236, 237, 238, 239, 240, 241, 245, 246, 247, 251, 252, 253, 254, 255, 256, 257, 258, 259, 265, 266, 268, 269, 271, 274, 275, 276, 277, 278, 279, 280, 281, 283, 287, 288, 289, 290, 291, 293, 297], "summary": {"covered_lines": 87, "num_statements": 184, "percent_covered": 47.28260869565217, "percent_covered_display": "47", "missing_lines": 97, "excluded_lines": 0, "percent_statements_covered": 47.28260869565217, "percent_statements_covered_display": "47"}, "missing_lines": [95, 96, 97, 98, 99, 100, 101, 102, 103, 104, 105, 107, 108, 110, 111, 113, 114, 115, 116, 117, 118, 120, 121, 122, 123, 124, 126, 127, 128, 129, 130, 131, 132, 133, 135, 136, 137, 146, 147, 148, 149, 151, 152, 153, 154, 155, 156, 157, 159, 160, 162, 163, 164, 165, 166, 167, 169, 170, 171, 173, 176, 177, 178, 179, 180, 182, 195, 200, 210, 211, 212, 213, 214, 215, 216, 217, 218, 219, 220, 221, 223, 227, 242, 243, 248, 249, 250, 260, 261, 262, 263, 264, 272, 284, 285, 294, 295], "excluded_lines": [], "start_line": 48}, "": {"executed_lines": [9, 11, 12, 13, 14, 15, 16, 18, 19, 20, 21, 26, 27, 28, 29, 32, 34, 37, 39, 40, 41, 42, 43, 48, 51, 64, 66, 68, 70, 72, 74, 76, 78, 80, 82, 84, 86, 88, 93, 139, 145, 184, 300], "summary": {"covered_lines": 43, "num_statements": 47, "percent_covered": 91.48936170212765, "percent_covered_display": "91", "missing_lines": 4, "excluded_lines": 0, "percent_statements_covered": 91.48936170212765, "percent_statements_covered_display": "91"}, "missing_lines": [44, 45, 301, 302], "excluded_lines": [], "start_line": 1}}}, "ramses_ingest\\config.py": {"executed_lines": [4, 6, 7, 8, 9, 11, 13, 16, 22, 23, 26, 29, 38, 39, 41, 42, 43, 44, 45, 47, 49, 50, 52, 56, 57, 58, 59, 61, 62, 67, 75, 83, 86, 89, 95, 97, 99, 100, 101, 102, 104, 105, 106, 108, 109, 110, 112, 113, 114], "summary": {"covered_lines": 49, "num_statements": 62, "percent_covered": 79.03225806451613, "percent_covered_display": "79", "missing_lines": 13, "excluded_lines": 0, "percent_statements_covered": 79.03225806451613, "percent_statements_covered_display": "79"}, "missing_lines": [25, 53, 54, 63, 64, 65, 68, 72, 73, 84, 96, 103, 107], "excluded_lines": [], "functions": {"load_rules": {"executed_lines": [38, 39, 41, 42, 43, 44, 45, 47, 49, 50, 52, 56, 57, 58, 59, 61, 62, 67, 75, 83, 86], "summary": {"covered_lines": 21, "num_statements": 30, "percent_covered": 70.0, "percent_covered_display": "70", "missing_lines": 9, "excluded_lines": 0, "percent_statements_covered": 70.0, "percent_statements_covered_display": "70"}, "missing_lines": [53, 54, 63, 64, 65, 68, 72, 73, 84], "excluded_lines": [], "start_line": 29}, "save_rules": {"executed_lines": [95, 97, 99, 100, 101, 102, 104, 105, 106, 108, 109, 110, 112, 113, 114], "summary": {"covered_lines": 15, "num_statements": 18, "percent_covered": 83.33333333333333, "percent_covered_display": "83", "missing_lines": 3, "excluded_lines": 0, "percent_statements_covered": 83.33333333333333, "percent_statements_covered_display": "83"}, "missing_lines": [96, 103, 107], "excluded_lines": [], "start_line": 89}, "": {"executed_lines": [4, 6, 7, 8, 9, 11, 13, 16, 22, 23, 26, 29, 89], "summary": {"covered_lines": 13, "num_statements": 14, "percent_covered": 92.85714285714286, "percent_covered_display": "93", "missing_lines": 1, "excluded_lines": 0, "percent_statements_covered": 92.85714285714286, "percent_statements_covered_display": "93"}, "missing_lines": [25], "excluded_lines": [], "start_line": 1}}, "classes": {"": {"executed_lines": [4, 6, 7, 8, 9, 11, 13, 16, 22, 23, 26, 29, 38, 39, 41, 42, 43, 44, 45, 47, 49, 50, 52, 56, 57, 58, 59, 61, 62, 67, 75, 83, 86, 89, 95, 97, 99, 100, 101, 102, 104, 105, 106, 108, 109, 110, 112, 113, 114], "summary": {"covered_lines": 49, "num_statements": 62, "percent_covered": 79.03225806451613, "percent_covered_display": "79", "missing_lines": 13, "excluded_lines": 0, "percent_statements_covered": 79.03225806451613, "percent_statements_covered_display": "79"}, "missing_lines": [25, 53, 54, 63, 64, 65, 68, 72, 73, 84, 96, 103, 107], "excluded_lines": [], "start_line": 1}}}, "ramses_ingest\\gui.py": {"executed_lines": [], "summary": {"covered_lines": 0, "num_statements": 1579, "percent_covered": 0.0, "percent_covered_display": "0", "missing_lines": 1579, "excluded_lines": 0, "percent_statements_covered": 0.0, "percent_statements_covered_display": "0"}, "missing_lines": [4, 6, 7, 8, 9, 11, 12, 22, 50, 51, 52, 53, 56, 69, 357, 365, 368, 369, 370, 372, 373, 374, 375, 377, 378, 379, 383, 384, 385, 388, 391, 393, 394, 395, 397, 398, 399, 400, 401, 402, 405, 408, 409, 410, 411, 413, 424, 425, 426, 427, 428, 429, 430, 431, 432, 433, 435, 437, 439, 440, 442, 443, 444, 445, 446, 448, 458, 459, 460, 468, 471, 472, 473, 474, 477, 478, 480, 481, 482, 483, 484, 485, 486, 488, 489, 490, 493, 496, 497, 498, 499, 501, 503, 506, 508, 509, 518, 520, 522, 524, 525, 527, 529, 530, 534, 536, 537, 538, 539, 540, 545, 546, 549, 550, 551, 553, 554, 555, 556, 558, 559, 560, 561, 562, 563, 564, 566, 567, 568, 569, 570, 571, 572, 573, 576, 577, 578, 581, 584, 585, 586, 587, 588, 589, 591, 594, 595, 598, 600, 603, 604, 605, 606, 607, 609, 614, 615, 620, 621, 622, 623, 624, 625, 626, 629, 630, 631, 633, 634, 635, 636, 637, 639, 642, 643, 644, 646, 647, 648, 649, 650, 652, 653, 654, 657, 658, 660, 661, 662, 665, 666, 668, 669, 670, 673, 674, 676, 679, 680, 681, 683, 684, 685, 686, 688, 689, 690, 691, 693, 696, 697, 698, 700, 705, 706, 707, 708, 711, 712, 713, 714, 715, 718, 719, 720, 736, 737, 738, 739, 740, 741, 742, 743, 744, 745, 748, 749, 750, 751, 754, 755, 756, 759, 760, 763, 764, 765, 767, 769, 774, 775, 776, 777, 778, 779, 780, 782, 783, 784, 786, 787, 788, 789, 790, 793, 795, 796, 799, 801, 806, 807, 810, 811, 813, 814, 815, 816, 817, 819, 820, 823, 825, 827, 828, 829, 830, 837, 839, 840, 841, 842, 845, 846, 847, 848, 849, 851, 853, 854, 855, 856, 857, 858, 859, 861, 864, 865, 866, 869, 870, 871, 872, 873, 874, 876, 879, 882, 883, 884, 885, 887, 889, 890, 891, 892, 893, 894, 896, 898, 899, 900, 901, 902, 905, 908, 911, 912, 913, 914, 919, 920, 921, 922, 923, 924, 925, 926, 927, 929, 930, 934, 942, 959, 962, 964, 967, 969, 971, 972, 975, 977, 980, 983, 984, 985, 988, 989, 990, 991, 992, 994, 996, 998, 999, 1001, 1002, 1003, 1004, 1005, 1007, 1008, 1009, 1011, 1015, 1018, 1021, 1026, 1028, 1030, 1031, 1033, 1035, 1038, 1039, 1040, 1041, 1044, 1046, 1048, 1050, 1052, 1054, 1056, 1058, 1059, 1062, 1064, 1065, 1067, 1068, 1069, 1070, 1073, 1075, 1076, 1077, 1078, 1079, 1080, 1081, 1084, 1085, 1086, 1087, 1088, 1090, 1091, 1092, 1093, 1094, 1095, 1096, 1097, 1098, 1100, 1101, 1103, 1105, 1107, 1108, 1109, 1110, 1111, 1114, 1115, 1116, 1117, 1119, 1122, 1123, 1126, 1127, 1128, 1131, 1136, 1137, 1138, 1140, 1142, 1143, 1145, 1149, 1151, 1153, 1154, 1156, 1160, 1162, 1164, 1165, 1166, 1167, 1169, 1170, 1171, 1172, 1174, 1175, 1177, 1178, 1182, 1183, 1190, 1193, 1194, 1196, 1198, 1199, 1200, 1201, 1202, 1204, 1206, 1207, 1208, 1209, 1210, 1212, 1214, 1216, 1219, 1220, 1221, 1222, 1223, 1226, 1227, 1228, 1229, 1231, 1233, 1234, 1235, 1236, 1238, 1241, 1242, 1245, 1246, 1247, 1250, 1251, 1252, 1255, 1256, 1257, 1260, 1261, 1264, 1265, 1267, 1268, 1271, 1272, 1274, 1275, 1277, 1278, 1279, 1280, 1281, 1282, 1283, 1285, 1287, 1290, 1291, 1293, 1294, 1295, 1296, 1298, 1299, 1301, 1302, 1303, 1304, 1306, 1307, 1309, 1310, 1311, 1313, 1314, 1315, 1317, 1318, 1319, 1320, 1322, 1324, 1326, 1329, 1330, 1332, 1333, 1334, 1335, 1336, 1338, 1339, 1340, 1341, 1343, 1345, 1348, 1350, 1352, 1353, 1355, 1356, 1357, 1358, 1360, 1361, 1362, 1363, 1364, 1366, 1367, 1368, 1369, 1371, 1372, 1373, 1375, 1377, 1380, 1381, 1382, 1396, 1397, 1398, 1399, 1400, 1402, 1404, 1406, 1407, 1410, 1411, 1412, 1413, 1415, 1417, 1421, 1422, 1424, 1438, 1439, 1440, 1441, 1442, 1443, 1446, 1447, 1448, 1449, 1456, 1458, 1460, 1461, 1462, 1463, 1464, 1465, 1466, 1467, 1469, 1470, 1471, 1472, 1473, 1474, 1477, 1479, 1480, 1482, 1484, 1485, 1488, 1489, 1490, 1491, 1492, 1493, 1496, 1497, 1502, 1503, 1504, 1505, 1506, 1508, 1510, 1512, 1515, 1518, 1531, 1532, 1533, 1535, 1537, 1538, 1540, 1541, 1542, 1543, 1545, 1546, 1547, 1548, 1549, 1550, 1551, 1552, 1554, 1555, 1556, 1557, 1559, 1562, 1565, 1567, 1568, 1570, 1571, 1575, 1576, 1578, 1579, 1582, 1583, 1585, 1586, 1587, 1588, 1589, 1590, 1591, 1592, 1593, 1594, 1597, 1599, 1600, 1601, 1602, 1605, 1606, 1607, 1609, 1610, 1611, 1612, 1613, 1615, 1616, 1619, 1620, 1621, 1622, 1624, 1625, 1628, 1629, 1630, 1631, 1632, 1633, 1634, 1636, 1637, 1639, 1640, 1641, 1645, 1646, 1649, 1650, 1651, 1652, 1653, 1655, 1656, 1658, 1659, 1661, 1664, 1665, 1666, 1667, 1668, 1669, 1671, 1672, 1675, 1676, 1677, 1678, 1679, 1681, 1682, 1685, 1686, 1689, 1690, 1692, 1693, 1694, 1695, 1696, 1697, 1699, 1700, 1702, 1703, 1704, 1708, 1709, 1712, 1713, 1714, 1715, 1716, 1720, 1722, 1723, 1724, 1725, 1726, 1728, 1729, 1731, 1732, 1733, 1737, 1738, 1741, 1742, 1743, 1744, 1745, 1747, 1748, 1749, 1750, 1751, 1753, 1754, 1756, 1757, 1758, 1762, 1763, 1766, 1767, 1768, 1769, 1770, 1772, 1773, 1774, 1775, 1776, 1778, 1779, 1781, 1782, 1783, 1787, 1788, 1792, 1793, 1794, 1796, 1797, 1798, 1799, 1801, 1802, 1803, 1804, 1805, 1807, 1808, 1809, 1812, 1815, 1816, 1817, 1819, 1820, 1821, 1822, 1823, 1824, 1825, 1827, 1829, 1830, 1835, 1836, 1837, 1838, 1840, 1841, 1842, 1843, 1844, 1845, 1846, 1847, 1849, 1851, 1852, 1857, 1859, 1860, 1862, 1865, 1866, 1870, 1871, 1873, 1874, 1875, 1879, 1881, 1882, 1883, 1885, 1886, 1891, 1892, 1895, 1896, 1897, 1898, 1901, 1902, 1905, 1906, 1908, 1910, 1913, 1914, 1915, 1917, 1918, 1919, 1920, 1921, 1922, 1924, 1925, 1927, 1928, 1929, 1931, 1932, 1935, 1936, 1937, 1938, 1939, 1940, 1941, 1942, 1945, 1947, 1948, 1949, 1951, 1954, 1955, 1958, 1959, 1961, 1965, 1970, 1971, 1972, 1974, 1975, 1979, 1980, 1981, 1982, 1983, 1984, 1985, 1988, 1989, 1990, 1991, 1992, 1994, 1996, 1997, 2002, 2004, 2005, 2007, 2009, 2011, 2012, 2013, 2015, 2019, 2020, 2021, 2022, 2023, 2024, 2025, 2026, 2028, 2030, 2032, 2033, 2034, 2036, 2037, 2038, 2039, 2040, 2041, 2042, 2043, 2045, 2047, 2049, 2051, 2052, 2053, 2055, 2061, 2062, 2063, 2064, 2065, 2066, 2067, 2068, 2070, 2072, 2074, 2076, 2077, 2078, 2080, 2086, 2087, 2088, 2089, 2090, 2093, 2095, 2097, 2099, 2100, 2101, 2104, 2121, 2122, 2123, 2124, 2131, 2140, 2141, 2142, 2143, 2144, 2146, 2147, 2148, 2149, 2151, 2153, 2155, 2156, 2157, 2159, 2160, 2161, 2163, 2166, 2168, 2169, 2171, 2174, 2176, 2177, 2179, 2181, 2182, 2183, 2186, 2187, 2188, 2189, 2190, 2191, 2192, 2193, 2194, 2195, 2196, 2199, 2200, 2201, 2203, 2206, 2207, 2208, 2209, 2210, 2211, 2212, 2213, 2216, 2218, 2220, 2221, 2222, 2225, 2226, 2227, 2228, 2229, 2230, 2231, 2232, 2233, 2234, 2235, 2238, 2239, 2240, 2241, 2244, 2245, 2246, 2247, 2248, 2249, 2250, 2251, 2254, 2258, 2259, 2260, 2262, 2263, 2264, 2265, 2266, 2267, 2268, 2271, 2272, 2273, 2274, 2275, 2277, 2278, 2279, 2284, 2286, 2287, 2291, 2293, 2298, 2304, 2306, 2309, 2311, 2312, 2317, 2331, 2334, 2335, 2339, 2341, 2342, 2343, 2345, 2347, 2348, 2350, 2351, 2352, 2353, 2355, 2357, 2358, 2360, 2368, 2369, 2370, 2372, 2373, 2374, 2377, 2378, 2381, 2382, 2383, 2384, 2387, 2390, 2392, 2394, 2395, 2398, 2399, 2400, 2403, 2404, 2406, 2407, 2410, 2411, 2412, 2414, 2417, 2419, 2420, 2421, 2422, 2424, 2425, 2426, 2427, 2428, 2429, 2432, 2433, 2434, 2435, 2436, 2439, 2440, 2441, 2442, 2445, 2446, 2448, 2451, 2452, 2455, 2456, 2457, 2460, 2461, 2462, 2463, 2464, 2466, 2467, 2471, 2472, 2475, 2476, 2477, 2479, 2480, 2481, 2482, 2483, 2485, 2487, 2489, 2490, 2491, 2492, 2493, 2495, 2496, 2498, 2500, 2501, 2502, 2503, 2504, 2505, 2507, 2508, 2511, 2512, 2513, 2516, 2517, 2524, 2531, 2533, 2534, 2538, 2539, 2542, 2543, 2546, 2547, 2551, 2552, 2554, 2557, 2558, 2559, 2560, 2561, 2562, 2564, 2566, 2570, 2571, 2572, 2575, 2577, 2583, 2588, 2592, 2597, 2598, 2602, 2603, 2607, 2609, 2611, 2615, 2616, 2618, 2620, 2621, 2623, 2625, 2626, 2630, 2631, 2633, 2635, 2638, 2640, 2642, 2644, 2645, 2647, 2649, 2650, 2651, 2652, 2654, 2655, 2656, 2658, 2659, 2661, 2663, 2665, 2666, 2669, 2670, 2671, 2673, 2676, 2677, 2678, 2680, 2681, 2682, 2684, 2685, 2686, 2688, 2689, 2690, 2692, 2693, 2694, 2696, 2698, 2699, 2700, 2702, 2704, 2705, 2706, 2708, 2709, 2710, 2712, 2715, 2716, 2717, 2718, 2720, 2721, 2724, 2726, 2727, 2728, 2731, 2733, 2735, 2736, 2737, 2739, 2741, 2742, 2743, 2745, 2746, 2750, 2751, 2752, 2753, 2754, 2756, 2758, 2760, 2761, 2762, 2763, 2764, 2765, 2767, 2769, 2770, 2771, 2773, 2775, 2776, 2777, 2778, 2780, 2781, 2782, 2784, 2785, 2786, 2787, 2788, 2789, 2791, 2792, 2793, 2794, 2795, 2797, 2798, 2799, 2800, 2802, 2803, 2804, 2805, 2806, 2809, 2810, 2812, 2822, 2823, 2824, 2825, 2826, 2828, 2829, 2830, 2832, 2833, 2835, 2836, 2837, 2838, 2839, 2841, 2843, 2844, 2845, 2846, 2847, 2849, 2852, 2853, 2854, 2859, 2860, 2861, 2862, 2864, 2865, 2866, 2867, 2868, 2871, 2872, 2874, 2876, 2877, 2879, 2888, 2890, 2891, 2892, 2895, 2901, 2902, 2904, 2906, 2907, 2909, 2910, 2911, 2913, 2914, 2915, 2916, 2919, 2920, 2921, 2922, 2923, 2924, 2928, 2929, 2930, 2933, 2934, 2935, 2937, 2939, 2940, 2942, 2945, 2946, 2948, 2949, 2951, 2952, 2953, 2954, 2955, 2956, 2958, 2959, 2961, 2962, 2963, 2964, 2965, 2966, 2967, 2969, 2970, 2971, 2973, 2975, 2977, 2978, 2979, 2980, 2981, 2982, 2983, 2984, 2985, 2986, 2987, 2988, 2989, 2990, 2991, 2992, 2993, 2994, 2995, 2996, 2997, 2998, 2999, 3000, 3001, 3002, 3004, 3005, 3006, 3007, 3008, 3016, 3018, 3019, 3022, 3023, 3025, 3027, 3028, 3031, 3032], "excluded_lines": [], "functions": {"ScanWorker.__init__": {"executed_lines": [], "summary": {"covered_lines": 0, "num_statements": 3, "percent_covered": 0.0, "percent_covered_display": "0", "missing_lines": 3, "excluded_lines": 0, "percent_statements_covered": 0.0, "percent_statements_covered_display": "0"}, "missing_lines": [373, 374, 375], "excluded_lines": [], "start_line": 372}, "ScanWorker.run": {"executed_lines": [], "summary": {"covered_lines": 0, "num_statements": 5, "percent_covered": 0.0, "percent_covered_display": "0", "missing_lines": 5, "excluded_lines": 0, "percent_statements_covered": 0.0, "percent_statements_covered_display": "0"}, "missing_lines": [378, 379, 383, 384, 385], "excluded_lines": [], "start_line": 377}, "ConnectionWorker.__init__": {"executed_lines": [], "summary": {"covered_lines": 0, "num_statements": 2, "percent_covered": 0.0, "percent_covered_display": "0", "missing_lines": 2, "excluded_lines": 0, "percent_statements_covered": 0.0, "percent_statements_covered_display": "0"}, "missing_lines": [394, 395], "excluded_lines": [], "start_line": 393}, "ConnectionWorker.run": {"executed_lines": [], "summary": {"covered_lines": 0, "num_statements": 5, "percent_covered": 0.0, "percent_covered_display": "0", "missing_lines": 5, "excluded_lines": 0, "percent_statements_covered": 0.0, "percent_statements_covered_display": "0"}, "missing_lines": [398, 399, 400, 401, 402], "excluded_lines": [], "start_line": 397}, "IngestWorker.__init__": {"executed_lines": [], "summary": {"covered_lines": 0, "num_statements": 10, "percent_covered": 0.0, "percent_covered_display": "0", "missing_lines": 10, "excluded_lines": 0, "percent_statements_covered": 0.0, "percent_statements_covered_display": "0"}, "missing_lines": [424, 425, 426, 427, 428, 429, 430, 431, 432, 433], "excluded_lines": [], "start_line": 413}, "IngestWorker.cancel": {"executed_lines": [], "summary": {"covered_lines": 0, "num_statements": 1, "percent_covered": 0.0, "percent_covered_display": "0", "missing_lines": 1, "excluded_lines": 0, "percent_statements_covered": 0.0, "percent_statements_covered_display": "0"}, "missing_lines": [437], "excluded_lines": [], "start_line": 435}, "IngestWorker.run": {"executed_lines": [], "summary": {"covered_lines": 0, "num_statements": 6, "percent_covered": 0.0, "percent_covered_display": "0", "missing_lines": 6, "excluded_lines": 0, "percent_statements_covered": 0.0, "percent_statements_covered_display": "0"}, "missing_lines": [440, 442, 448, 458, 459, 460], "excluded_lines": [], "start_line": 439}, "IngestWorker.run._cb": {"executed_lines": [], "summary": {"covered_lines": 0, "num_statements": 4, "percent_covered": 0.0, "percent_covered_display": "0", "missing_lines": 4, "excluded_lines": 0, "percent_statements_covered": 0.0, "percent_statements_covered_display": "0"}, "missing_lines": [443, 444, 445, 446], "excluded_lines": [], "start_line": 442}, "IngestWindow.__init__": {"executed_lines": [], "summary": {"covered_lines": 0, "num_statements": 23, "percent_covered": 0.0, "percent_covered_display": "0", "missing_lines": 23, "excluded_lines": 0, "percent_statements_covered": 0.0, "percent_statements_covered_display": "0"}, "missing_lines": [472, 473, 474, 477, 478, 480, 481, 482, 483, 484, 485, 486, 488, 489, 490, 493, 496, 497, 498, 499, 501, 503, 506], "excluded_lines": [], "start_line": 471}, "IngestWindow._show_ffprobe_warning": {"executed_lines": [], "summary": {"covered_lines": 0, "num_statements": 1, "percent_covered": 0.0, "percent_covered_display": "0", "missing_lines": 1, "excluded_lines": 0, "percent_statements_covered": 0.0, "percent_statements_covered_display": "0"}, "missing_lines": [509], "excluded_lines": [], "start_line": 508}, "IngestWindow._setup_logging": {"executed_lines": [], "summary": {"covered_lines": 0, "num_statements": 4, "percent_covered": 0.0, "percent_covered_display": "0", "missing_lines": 4, "excluded_lines": 0, "percent_statements_covered": 0.0, "percent_statements_covered_display": "0"}, "missing_lines": [520, 522, 524, 525], "excluded_lines": [], "start_line": 518}, "IngestWindow._on_resolve_timeout": {"executed_lines": [], "summary": {"covered_lines": 0, "num_statements": 2, "percent_covered": 0.0, "percent_covered_display": "0", "missing_lines": 2, "excluded_lines": 0, "percent_statements_covered": 0.0, "percent_statements_covered_display": "0"}, "missing_lines": [529, 530], "excluded_lines": [], "start_line": 527}, "IngestWindow._build_ui": {"executed_lines": [], "summary": {"covered_lines": 0, "num_statements": 245, "percent_covered": 0.0, "percent_covered_display": "0", "missing_lines": 245, "excluded_lines": 0, "percent_statements_covered": 0.0, "percent_statements_covered_display": "0"}, "missing_lines": [536, 537, 538, 539, 540, 545, 546, 549, 550, 551, 553, 554, 555, 556, 558, 559, 560, 561, 562, 563, 564, 566, 567, 568, 569, 570, 571, 572, 573, 576, 577, 578, 581, 584, 585, 586, 587, 588, 589, 591, 594, 595, 598, 600, 603, 604, 605, 606, 607, 609, 614, 615, 620, 621, 622, 623, 624, 625, 626, 629, 630, 631, 633, 634, 635, 636, 637, 639, 642, 643, 644, 646, 647, 648, 649, 650, 652, 653, 654, 657, 658, 660, 661, 662, 665, 666, 668, 669, 670, 673, 674, 676, 679, 680, 681, 683, 684, 685, 686, 688, 689, 690, 691, 693, 696, 697, 698, 700, 705, 706, 707, 708, 711, 712, 713, 714, 715, 718, 719, 720, 736, 737, 738, 739, 740, 741, 742, 743, 744, 745, 748, 749, 750, 751, 754, 755, 756, 759, 760, 763, 764, 765, 767, 769, 774, 775, 776, 777, 778, 779, 780, 782, 783, 784, 786, 787, 788, 789, 790, 793, 795, 796, 799, 801, 806, 807, 810, 811, 813, 814, 815, 816, 817, 819, 820, 823, 825, 827, 828, 829, 830, 837, 839, 840, 841, 842, 845, 846, 847, 848, 849, 851, 853, 854, 855, 856, 857, 858, 859, 861, 864, 865, 866, 869, 870, 871, 872, 873, 874, 876, 879, 882, 883, 884, 885, 887, 889, 890, 891, 892, 893, 894, 896, 898, 899, 900, 901, 902, 905, 908, 911, 912, 913, 914, 919, 920, 921, 922, 923, 924, 925, 926, 927, 929, 930], "excluded_lines": [], "start_line": 534}, "IngestWindow._populate_ocio_dropdown": {"executed_lines": [], "summary": {"covered_lines": 0, "num_statements": 20, "percent_covered": 0.0, "percent_covered_display": "0", "missing_lines": 20, "excluded_lines": 0, "percent_statements_covered": 0.0, "percent_statements_covered_display": "0"}, "missing_lines": [942, 959, 962, 964, 967, 969, 971, 972, 975, 977, 980, 983, 984, 985, 988, 989, 990, 991, 992, 994], "excluded_lines": [], "start_line": 934}, "IngestWindow._open_folder": {"executed_lines": [], "summary": {"covered_lines": 0, "num_statements": 10, "percent_covered": 0.0, "percent_covered_display": "0", "missing_lines": 10, "excluded_lines": 0, "percent_statements_covered": 0.0, "percent_statements_covered_display": "0"}, "missing_lines": [998, 999, 1001, 1002, 1003, 1004, 1005, 1007, 1008, 1009], "excluded_lines": [], "start_line": 996}, "IngestWindow._setup_shortcuts": {"executed_lines": [], "summary": {"covered_lines": 0, "num_statements": 4, "percent_covered": 0.0, "percent_covered_display": "0", "missing_lines": 4, "excluded_lines": 0, "percent_statements_covered": 0.0, "percent_statements_covered_display": "0"}, "missing_lines": [1015, 1018, 1021, 1026], "excluded_lines": [], "start_line": 1011}, "IngestWindow._on_shortcut_execute": {"executed_lines": [], "summary": {"covered_lines": 0, "num_statements": 2, "percent_covered": 0.0, "percent_covered_display": "0", "missing_lines": 2, "excluded_lines": 0, "percent_statements_covered": 0.0, "percent_statements_covered_display": "0"}, "missing_lines": [1030, 1031], "excluded_lines": [], "start_line": 1028}, "IngestWindow._apply_filter": {"executed_lines": [], "summary": {"covered_lines": 0, "num_statements": 6, "percent_covered": 0.0, "percent_covered_display": "0", "missing_lines": 6, "excluded_lines": 0, "percent_statements_covered": 0.0, "percent_statements_covered_display": "0"}, "missing_lines": [1035, 1038, 1039, 1040, 1041, 1044], "excluded_lines": [], "start_line": 1033}, "IngestWindow._on_type_filter_changed": {"executed_lines": [], "summary": {"covered_lines": 0, "num_statements": 1, "percent_covered": 0.0, "percent_covered_display": "0", "missing_lines": 1, "excluded_lines": 0, "percent_statements_covered": 0.0, "percent_statements_covered_display": "0"}, "missing_lines": [1048], "excluded_lines": [], "start_line": 1046}, "IngestWindow._on_search_changed": {"executed_lines": [], "summary": {"covered_lines": 0, "num_statements": 1, "percent_covered": 0.0, "percent_covered_display": "0", "missing_lines": 1, "excluded_lines": 0, "percent_statements_covered": 0.0, "percent_statements_covered_display": "0"}, "missing_lines": [1052], "excluded_lines": [], "start_line": 1050}, "IngestWindow._apply_table_filters": {"executed_lines": [], "summary": {"covered_lines": 0, "num_statements": 35, "percent_covered": 0.0, "percent_covered_display": "0", "missing_lines": 35, "excluded_lines": 0, "percent_statements_covered": 0.0, "percent_statements_covered_display": "0"}, "missing_lines": [1056, 1058, 1059, 1062, 1064, 1065, 1067, 1068, 1069, 1070, 1073, 1075, 1076, 1077, 1078, 1079, 1080, 1081, 1084, 1085, 1086, 1087, 1088, 1090, 1091, 1092, 1093, 1094, 1095, 1096, 1097, 1098, 1100, 1101, 1103], "excluded_lines": [], "start_line": 1054}, "IngestWindow._on_selection_changed": {"executed_lines": [], "summary": {"covered_lines": 0, "num_statements": 47, "percent_covered": 0.0, "percent_covered_display": "0", "missing_lines": 47, "excluded_lines": 0, "percent_statements_covered": 0.0, "percent_statements_covered_display": "0"}, "missing_lines": [1107, 1108, 1109, 1110, 1111, 1114, 1115, 1116, 1117, 1119, 1122, 1123, 1126, 1127, 1128, 1131, 1136, 1137, 1138, 1140, 1142, 1143, 1145, 1149, 1151, 1153, 1154, 1156, 1160, 1162, 1164, 1165, 1166, 1167, 1169, 1170, 1171, 1172, 1174, 1175, 1177, 1178, 1182, 1183, 1190, 1193, 1194], "excluded_lines": [], "start_line": 1105}, "IngestWindow._on_table_item_changed": {"executed_lines": [], "summary": {"covered_lines": 0, "num_statements": 12, "percent_covered": 0.0, "percent_covered_display": "0", "missing_lines": 12, "excluded_lines": 0, "percent_statements_covered": 0.0, "percent_statements_covered_display": "0"}, "missing_lines": [1198, 1199, 1200, 1201, 1202, 1204, 1206, 1207, 1208, 1209, 1210, 1212], "excluded_lines": [], "start_line": 1196}, "IngestWindow._on_remove_selected": {"executed_lines": [], "summary": {"covered_lines": 0, "num_statements": 10, "percent_covered": 0.0, "percent_covered_display": "0", "missing_lines": 10, "excluded_lines": 0, "percent_statements_covered": 0.0, "percent_statements_covered_display": "0"}, "missing_lines": [1216, 1219, 1220, 1221, 1222, 1223, 1226, 1227, 1228, 1229], "excluded_lines": [], "start_line": 1214}, "IngestWindow._show_advanced_options": {"executed_lines": [], "summary": {"covered_lines": 0, "num_statements": 103, "percent_covered": 0.0, "percent_covered_display": "0", "missing_lines": 103, "excluded_lines": 0, "percent_statements_covered": 0.0, "percent_statements_covered_display": "0"}, "missing_lines": [1233, 1234, 1235, 1236, 1238, 1241, 1242, 1245, 1246, 1247, 1250, 1251, 1252, 1255, 1256, 1257, 1260, 1261, 1264, 1265, 1267, 1268, 1271, 1272, 1274, 1275, 1277, 1278, 1279, 1280, 1281, 1282, 1283, 1285, 1287, 1290, 1291, 1293, 1294, 1295, 1296, 1298, 1299, 1301, 1306, 1307, 1309, 1310, 1311, 1313, 1314, 1315, 1317, 1318, 1319, 1320, 1322, 1324, 1326, 1329, 1330, 1332, 1333, 1334, 1335, 1336, 1338, 1339, 1340, 1341, 1343, 1345, 1348, 1350, 1352, 1353, 1355, 1356, 1357, 1358, 1360, 1361, 1362, 1363, 1364, 1366, 1367, 1368, 1369, 1371, 1372, 1373, 1375, 1377, 1380, 1381, 1382, 1396, 1397, 1398, 1399, 1400, 1402], "excluded_lines": [], "start_line": 1231}, "IngestWindow._show_advanced_options._launch_and_refresh": {"executed_lines": [], "summary": {"covered_lines": 0, "num_statements": 3, "percent_covered": 0.0, "percent_covered_display": "0", "missing_lines": 3, "excluded_lines": 0, "percent_statements_covered": 0.0, "percent_statements_covered_display": "0"}, "missing_lines": [1302, 1303, 1304], "excluded_lines": [], "start_line": 1301}, "IngestWindow._browse_ramses_path": {"executed_lines": [], "summary": {"covered_lines": 0, "num_statements": 10, "percent_covered": 0.0, "percent_covered_display": "0", "missing_lines": 10, "excluded_lines": 0, "percent_statements_covered": 0.0, "percent_statements_covered_display": "0"}, "missing_lines": [1406, 1407, 1410, 1411, 1412, 1413, 1415, 1417, 1421, 1422], "excluded_lines": [], "start_line": 1404}, "IngestWindow._apply_options": {"executed_lines": [], "summary": {"covered_lines": 0, "num_statements": 29, "percent_covered": 0.0, "percent_covered_display": "0", "missing_lines": 29, "excluded_lines": 0, "percent_statements_covered": 0.0, "percent_statements_covered_display": "0"}, "missing_lines": [1438, 1439, 1440, 1441, 1442, 1443, 1446, 1447, 1448, 1449, 1456, 1458, 1460, 1461, 1462, 1463, 1464, 1465, 1466, 1467, 1469, 1470, 1471, 1472, 1473, 1474, 1477, 1479, 1480], "excluded_lines": [], "start_line": 1424}, "IngestWindow._rematch_all_clips": {"executed_lines": [], "summary": {"covered_lines": 0, "num_statements": 23, "percent_covered": 0.0, "percent_covered_display": "0", "missing_lines": 23, "excluded_lines": 0, "percent_statements_covered": 0.0, "percent_statements_covered_display": "0"}, "missing_lines": [1484, 1485, 1488, 1489, 1490, 1491, 1492, 1493, 1496, 1497, 1502, 1503, 1504, 1505, 1506, 1508, 1510, 1512, 1515, 1518, 1531, 1532, 1533], "excluded_lines": [], "start_line": 1482}, "IngestWindow._update_filter_counts": {"executed_lines": [], "summary": {"covered_lines": 0, "num_statements": 18, "percent_covered": 0.0, "percent_covered_display": "0", "missing_lines": 18, "excluded_lines": 0, "percent_statements_covered": 0.0, "percent_statements_covered_display": "0"}, "missing_lines": [1537, 1538, 1540, 1541, 1542, 1543, 1545, 1546, 1547, 1548, 1549, 1550, 1551, 1552, 1554, 1555, 1556, 1557], "excluded_lines": [], "start_line": 1535}, "IngestWindow._populate_table": {"executed_lines": [], "summary": {"covered_lines": 0, "num_statements": 198, "percent_covered": 0.0, "percent_covered_display": "0", "missing_lines": 198, "excluded_lines": 0, "percent_statements_covered": 0.0, "percent_statements_covered_display": "0"}, "missing_lines": [1562, 1565, 1567, 1568, 1570, 1571, 1575, 1576, 1578, 1579, 1582, 1583, 1585, 1586, 1587, 1588, 1589, 1590, 1591, 1592, 1593, 1594, 1597, 1599, 1600, 1601, 1602, 1605, 1606, 1607, 1609, 1610, 1611, 1612, 1613, 1615, 1616, 1619, 1620, 1621, 1622, 1624, 1625, 1628, 1629, 1630, 1631, 1632, 1633, 1634, 1636, 1637, 1639, 1640, 1641, 1645, 1646, 1649, 1650, 1651, 1652, 1653, 1655, 1656, 1658, 1659, 1661, 1664, 1665, 1666, 1667, 1668, 1669, 1671, 1672, 1675, 1676, 1677, 1678, 1679, 1681, 1682, 1685, 1686, 1689, 1690, 1692, 1693, 1694, 1695, 1696, 1697, 1699, 1700, 1702, 1703, 1704, 1708, 1709, 1712, 1713, 1714, 1715, 1716, 1720, 1722, 1723, 1724, 1725, 1726, 1728, 1729, 1731, 1732, 1733, 1737, 1738, 1741, 1742, 1743, 1744, 1745, 1747, 1748, 1749, 1750, 1751, 1753, 1754, 1756, 1757, 1758, 1762, 1763, 1766, 1767, 1768, 1769, 1770, 1772, 1773, 1774, 1775, 1776, 1778, 1779, 1781, 1782, 1783, 1787, 1788, 1792, 1793, 1794, 1796, 1797, 1798, 1799, 1801, 1802, 1803, 1804, 1805, 1807, 1808, 1809, 1812, 1815, 1816, 1817, 1819, 1820, 1821, 1822, 1823, 1824, 1825, 1827, 1829, 1830, 1835, 1836, 1837, 1838, 1840, 1841, 1842, 1843, 1844, 1845, 1846, 1847, 1849, 1851, 1852, 1857, 1859, 1860], "excluded_lines": [], "start_line": 1559}, "IngestWindow._get_plan_status": {"executed_lines": [], "summary": {"covered_lines": 0, "num_statements": 24, "percent_covered": 0.0, "percent_covered_display": "0", "missing_lines": 24, "excluded_lines": 0, "percent_statements_covered": 0.0, "percent_statements_covered_display": "0"}, "missing_lines": [1865, 1866, 1870, 1871, 1873, 1874, 1875, 1879, 1881, 1882, 1883, 1885, 1886, 1891, 1892, 1895, 1896, 1897, 1898, 1901, 1902, 1905, 1906, 1908], "excluded_lines": [], "start_line": 1862}, "IngestWindow._on_checkbox_changed": {"executed_lines": [], "summary": {"covered_lines": 0, "num_statements": 58, "percent_covered": 0.0, "percent_covered_display": "0", "missing_lines": 58, "excluded_lines": 0, "percent_statements_covered": 0.0, "percent_statements_covered_display": "0"}, "missing_lines": [1913, 1914, 1915, 1917, 1918, 1919, 1920, 1921, 1922, 1924, 1925, 1927, 1928, 1929, 1931, 1932, 1935, 1936, 1937, 1938, 1939, 1940, 1941, 1942, 1945, 1947, 1948, 1949, 1951, 1954, 1955, 1958, 1959, 1961, 1965, 1970, 1971, 1972, 1974, 1975, 1979, 1980, 1981, 1982, 1983, 1984, 1985, 1988, 1989, 1990, 1991, 1992, 1994, 1996, 1997, 2002, 2004, 2005], "excluded_lines": [], "start_line": 1910}, "IngestWindow._on_context_override_shot": {"executed_lines": [], "summary": {"covered_lines": 0, "num_statements": 14, "percent_covered": 0.0, "percent_covered_display": "0", "missing_lines": 14, "excluded_lines": 0, "percent_statements_covered": 0.0, "percent_statements_covered_display": "0"}, "missing_lines": [2009, 2011, 2012, 2013, 2015, 2019, 2020, 2021, 2022, 2023, 2024, 2025, 2026, 2028], "excluded_lines": [], "start_line": 2007}, "IngestWindow._on_context_filename_as_shot": {"executed_lines": [], "summary": {"covered_lines": 0, "num_statements": 12, "percent_covered": 0.0, "percent_covered_display": "0", "missing_lines": 12, "excluded_lines": 0, "percent_statements_covered": 0.0, "percent_statements_covered_display": "0"}, "missing_lines": [2032, 2033, 2034, 2036, 2037, 2038, 2039, 2040, 2041, 2042, 2043, 2045], "excluded_lines": [], "start_line": 2030}, "IngestWindow._on_context_override_seq": {"executed_lines": [], "summary": {"covered_lines": 0, "num_statements": 14, "percent_covered": 0.0, "percent_covered_display": "0", "missing_lines": 14, "excluded_lines": 0, "percent_statements_covered": 0.0, "percent_statements_covered_display": "0"}, "missing_lines": [2049, 2051, 2052, 2053, 2055, 2061, 2062, 2063, 2064, 2065, 2066, 2067, 2068, 2070], "excluded_lines": [], "start_line": 2047}, "IngestWindow._on_context_override_res": {"executed_lines": [], "summary": {"covered_lines": 0, "num_statements": 11, "percent_covered": 0.0, "percent_covered_display": "0", "missing_lines": 11, "excluded_lines": 0, "percent_statements_covered": 0.0, "percent_statements_covered_display": "0"}, "missing_lines": [2074, 2076, 2077, 2078, 2080, 2086, 2087, 2088, 2089, 2090, 2093], "excluded_lines": [], "start_line": 2072}, "IngestWindow._on_context_override_colorspace": {"executed_lines": [], "summary": {"covered_lines": 0, "num_statements": 20, "percent_covered": 0.0, "percent_covered_display": "0", "missing_lines": 20, "excluded_lines": 0, "percent_statements_covered": 0.0, "percent_statements_covered_display": "0"}, "missing_lines": [2097, 2099, 2100, 2101, 2104, 2121, 2122, 2123, 2124, 2131, 2140, 2141, 2142, 2143, 2144, 2146, 2147, 2148, 2149, 2151], "excluded_lines": [], "start_line": 2095}, "IngestWindow._on_context_clear_overrides": {"executed_lines": [], "summary": {"covered_lines": 0, "num_statements": 14, "percent_covered": 0.0, "percent_covered_display": "0", "missing_lines": 14, "excluded_lines": 0, "percent_statements_covered": 0.0, "percent_statements_covered_display": "0"}, "missing_lines": [2155, 2156, 2157, 2159, 2160, 2161, 2163, 2166, 2168, 2169, 2171, 2174, 2176, 2177], "excluded_lines": [], "start_line": 2153}, "IngestWindow._on_context_enable": {"executed_lines": [], "summary": {"covered_lines": 0, "num_statements": 27, "percent_covered": 0.0, "percent_covered_display": "0", "missing_lines": 27, "excluded_lines": 0, "percent_statements_covered": 0.0, "percent_statements_covered_display": "0"}, "missing_lines": [2181, 2182, 2183, 2186, 2187, 2188, 2189, 2190, 2191, 2192, 2193, 2194, 2195, 2196, 2199, 2200, 2201, 2203, 2206, 2207, 2208, 2209, 2210, 2211, 2212, 2213, 2216], "excluded_lines": [], "start_line": 2179}, "IngestWindow._on_context_skip": {"executed_lines": [], "summary": {"covered_lines": 0, "num_statements": 48, "percent_covered": 0.0, "percent_covered_display": "0", "missing_lines": 48, "excluded_lines": 0, "percent_statements_covered": 0.0, "percent_statements_covered_display": "0"}, "missing_lines": [2220, 2221, 2222, 2225, 2226, 2227, 2228, 2229, 2230, 2231, 2232, 2233, 2234, 2235, 2238, 2239, 2240, 2241, 2244, 2245, 2246, 2247, 2248, 2249, 2250, 2251, 2254, 2258, 2259, 2260, 2262, 2263, 2264, 2265, 2266, 2267, 2268, 2271, 2272, 2273, 2274, 2275, 2277, 2278, 2279, 2284, 2286, 2287], "excluded_lines": [], "start_line": 2218}, "IngestWindow._log": {"executed_lines": [], "summary": {"covered_lines": 0, "num_statements": 15, "percent_covered": 0.0, "percent_covered_display": "0", "missing_lines": 15, "excluded_lines": 0, "percent_statements_covered": 0.0, "percent_statements_covered_display": "0"}, "missing_lines": [2293, 2298, 2304, 2306, 2309, 2311, 2312, 2317, 2331, 2334, 2335, 2339, 2341, 2342, 2343], "excluded_lines": [], "start_line": 2291}, "IngestWindow._get_plan_from_row": {"executed_lines": [], "summary": {"covered_lines": 0, "num_statements": 6, "percent_covered": 0.0, "percent_covered_display": "0", "missing_lines": 6, "excluded_lines": 0, "percent_statements_covered": 0.0, "percent_statements_covered_display": "0"}, "missing_lines": [2347, 2348, 2350, 2351, 2352, 2353], "excluded_lines": [], "start_line": 2345}, "IngestWindow._resolve_all_paths": {"executed_lines": [], "summary": {"covered_lines": 0, "num_statements": 17, "percent_covered": 0.0, "percent_covered_display": "0", "missing_lines": 17, "excluded_lines": 0, "percent_statements_covered": 0.0, "percent_statements_covered_display": "0"}, "missing_lines": [2357, 2358, 2360, 2368, 2369, 2370, 2372, 2373, 2374, 2377, 2378, 2381, 2382, 2383, 2384, 2387, 2390], "excluded_lines": [], "start_line": 2355}, "IngestWindow._try_connect": {"executed_lines": [], "summary": {"covered_lines": 0, "num_statements": 12, "percent_covered": 0.0, "percent_covered_display": "0", "missing_lines": 12, "excluded_lines": 0, "percent_statements_covered": 0.0, "percent_statements_covered_display": "0"}, "missing_lines": [2394, 2395, 2398, 2399, 2400, 2403, 2404, 2406, 2407, 2410, 2411, 2412], "excluded_lines": [], "start_line": 2392}, "IngestWindow._on_connection_finished": {"executed_lines": [], "summary": {"covered_lines": 0, "num_statements": 40, "percent_covered": 0.0, "percent_covered_display": "0", "missing_lines": 40, "excluded_lines": 0, "percent_statements_covered": 0.0, "percent_statements_covered_display": "0"}, "missing_lines": [2417, 2419, 2420, 2421, 2422, 2424, 2425, 2426, 2427, 2428, 2429, 2432, 2433, 2434, 2435, 2436, 2439, 2440, 2441, 2442, 2445, 2446, 2448, 2451, 2452, 2455, 2456, 2457, 2460, 2461, 2462, 2463, 2464, 2466, 2467, 2471, 2472, 2475, 2476, 2477], "excluded_lines": [], "start_line": 2414}, "IngestWindow._populate_rule_combo": {"executed_lines": [], "summary": {"covered_lines": 0, "num_statements": 14, "percent_covered": 0.0, "percent_covered_display": "0", "missing_lines": 14, "excluded_lines": 0, "percent_statements_covered": 0.0, "percent_statements_covered_display": "0"}, "missing_lines": [2480, 2481, 2482, 2483, 2485, 2487, 2489, 2490, 2491, 2492, 2493, 2495, 2496, 2498], "excluded_lines": [], "start_line": 2479}, "IngestWindow._update_summary": {"executed_lines": [], "summary": {"covered_lines": 0, "num_statements": 46, "percent_covered": 0.0, "percent_covered_display": "0", "missing_lines": 46, "excluded_lines": 0, "percent_statements_covered": 0.0, "percent_statements_covered_display": "0"}, "missing_lines": [2501, 2502, 2503, 2504, 2505, 2507, 2508, 2511, 2512, 2513, 2516, 2517, 2524, 2531, 2533, 2534, 2538, 2539, 2542, 2543, 2546, 2547, 2551, 2552, 2554, 2557, 2558, 2559, 2560, 2561, 2562, 2564, 2566, 2570, 2571, 2572, 2575, 2577, 2583, 2588, 2592, 2597, 2598, 2602, 2603, 2607], "excluded_lines": [], "start_line": 2500}, "IngestWindow._get_enabled_plans": {"executed_lines": [], "summary": {"covered_lines": 0, "num_statements": 1, "percent_covered": 0.0, "percent_covered_display": "0", "missing_lines": 1, "excluded_lines": 0, "percent_statements_covered": 0.0, "percent_statements_covered_display": "0"}, "missing_lines": [2611], "excluded_lines": [], "start_line": 2609}, "IngestWindow._on_ocio_in_changed": {"executed_lines": [], "summary": {"covered_lines": 0, "num_statements": 1, "percent_covered": 0.0, "percent_covered_display": "0", "missing_lines": 1, "excluded_lines": 0, "percent_statements_covered": 0.0, "percent_statements_covered_display": "0"}, "missing_lines": [2616], "excluded_lines": [], "start_line": 2615}, "IngestWindow._on_studio_changed": {"executed_lines": [], "summary": {"covered_lines": 0, "num_statements": 2, "percent_covered": 0.0, "percent_covered_display": "0", "missing_lines": 2, "excluded_lines": 0, "percent_statements_covered": 0.0, "percent_statements_covered_display": "0"}, "missing_lines": [2620, 2621], "excluded_lines": [], "start_line": 2618}, "IngestWindow._browse_studio_logo": {"executed_lines": [], "summary": {"covered_lines": 0, "num_statements": 4, "percent_covered": 0.0, "percent_covered_display": "0", "missing_lines": 4, "excluded_lines": 0, "percent_statements_covered": 0.0, "percent_statements_covered_display": "0"}, "missing_lines": [2625, 2626, 2630, 2631], "excluded_lines": [], "start_line": 2623}, "IngestWindow._on_view_report": {"executed_lines": [], "summary": {"covered_lines": 0, "num_statements": 3, "percent_covered": 0.0, "percent_covered_display": "0", "missing_lines": 3, "excluded_lines": 0, "percent_statements_covered": 0.0, "percent_statements_covered_display": "0"}, "missing_lines": [2635, 2638, 2640], "excluded_lines": [], "start_line": 2633}, "IngestWindow.keyPressEvent": {"executed_lines": [], "summary": {"covered_lines": 0, "num_statements": 3, "percent_covered": 0.0, "percent_covered_display": "0", "missing_lines": 3, "excluded_lines": 0, "percent_statements_covered": 0.0, "percent_statements_covered_display": "0"}, "missing_lines": [2644, 2645, 2647], "excluded_lines": [], "start_line": 2642}, "IngestWindow._on_step_changed": {"executed_lines": [], "summary": {"covered_lines": 0, "num_statements": 9, "percent_covered": 0.0, "percent_covered_display": "0", "missing_lines": 9, "excluded_lines": 0, "percent_statements_covered": 0.0, "percent_statements_covered_display": "0"}, "missing_lines": [2650, 2651, 2652, 2654, 2655, 2656, 2658, 2659, 2661], "excluded_lines": [], "start_line": 2649}, "IngestWindow._on_context_menu": {"executed_lines": [], "summary": {"covered_lines": 0, "num_statements": 49, "percent_covered": 0.0, "percent_covered_display": "0", "missing_lines": 49, "excluded_lines": 0, "percent_statements_covered": 0.0, "percent_statements_covered_display": "0"}, "missing_lines": [2665, 2666, 2669, 2670, 2671, 2673, 2676, 2677, 2678, 2680, 2681, 2682, 2684, 2685, 2686, 2688, 2689, 2690, 2692, 2693, 2694, 2696, 2698, 2699, 2700, 2702, 2704, 2705, 2706, 2708, 2709, 2710, 2712, 2715, 2716, 2717, 2718, 2720, 2721, 2724, 2726, 2727, 2728, 2731, 2733, 2735, 2736, 2737, 2739], "excluded_lines": [], "start_line": 2663}, "IngestWindow._on_drop": {"executed_lines": [], "summary": {"covered_lines": 0, "num_statements": 9, "percent_covered": 0.0, "percent_covered_display": "0", "missing_lines": 9, "excluded_lines": 0, "percent_statements_covered": 0.0, "percent_statements_covered_display": "0"}, "missing_lines": [2742, 2743, 2745, 2746, 2750, 2751, 2752, 2753, 2754], "excluded_lines": [], "start_line": 2741}, "IngestWindow._on_scan_done": {"executed_lines": [], "summary": {"covered_lines": 0, "num_statements": 16, "percent_covered": 0.0, "percent_covered_display": "0", "missing_lines": 16, "excluded_lines": 0, "percent_statements_covered": 0.0, "percent_statements_covered_display": "0"}, "missing_lines": [2758, 2760, 2761, 2762, 2763, 2764, 2765, 2767, 2769, 2770, 2771, 2773, 2775, 2776, 2777, 2778], "excluded_lines": [], "start_line": 2756}, "IngestWindow._on_scan_error": {"executed_lines": [], "summary": {"covered_lines": 0, "num_statements": 2, "percent_covered": 0.0, "percent_covered_display": "0", "missing_lines": 2, "excluded_lines": 0, "percent_statements_covered": 0.0, "percent_statements_covered_display": "0"}, "missing_lines": [2781, 2782], "excluded_lines": [], "start_line": 2780}, "IngestWindow._on_clear": {"executed_lines": [], "summary": {"covered_lines": 0, "num_statements": 5, "percent_covered": 0.0, "percent_covered_display": "0", "missing_lines": 5, "excluded_lines": 0, "percent_statements_covered": 0.0, "percent_statements_covered_display": "0"}, "missing_lines": [2785, 2786, 2787, 2788, 2789], "excluded_lines": [], "start_line": 2784}, "IngestWindow._on_cancel": {"executed_lines": [], "summary": {"covered_lines": 0, "num_statements": 4, "percent_covered": 0.0, "percent_covered_display": "0", "missing_lines": 4, "excluded_lines": 0, "percent_statements_covered": 0.0, "percent_statements_covered_display": "0"}, "missing_lines": [2792, 2793, 2794, 2795], "excluded_lines": [], "start_line": 2791}, "IngestWindow._on_ingest": {"executed_lines": [], "summary": {"covered_lines": 0, "num_statements": 16, "percent_covered": 0.0, "percent_covered_display": "0", "missing_lines": 16, "excluded_lines": 0, "percent_statements_covered": 0.0, "percent_statements_covered_display": "0"}, "missing_lines": [2798, 2799, 2800, 2802, 2803, 2804, 2805, 2806, 2809, 2810, 2812, 2822, 2823, 2824, 2825, 2826], "excluded_lines": [], "start_line": 2797}, "IngestWindow._on_ingest_done": {"executed_lines": [], "summary": {"covered_lines": 0, "num_statements": 10, "percent_covered": 0.0, "percent_covered_display": "0", "missing_lines": 10, "excluded_lines": 0, "percent_statements_covered": 0.0, "percent_statements_covered_display": "0"}, "missing_lines": [2829, 2830, 2832, 2833, 2835, 2836, 2837, 2838, 2839, 2841], "excluded_lines": [], "start_line": 2828}, "IngestWindow._on_ingest_error": {"executed_lines": [], "summary": {"covered_lines": 0, "num_statements": 4, "percent_covered": 0.0, "percent_covered_display": "0", "missing_lines": 4, "excluded_lines": 0, "percent_statements_covered": 0.0, "percent_statements_covered_display": "0"}, "missing_lines": [2844, 2845, 2846, 2847], "excluded_lines": [], "start_line": 2843}, "IngestWindow._on_edit_rules": {"executed_lines": [], "summary": {"covered_lines": 0, "num_statements": 14, "percent_covered": 0.0, "percent_covered_display": "0", "missing_lines": 14, "excluded_lines": 0, "percent_statements_covered": 0.0, "percent_statements_covered_display": "0"}, "missing_lines": [2852, 2853, 2854, 2859, 2860, 2861, 2862, 2864, 2865, 2866, 2867, 2868, 2871, 2872], "excluded_lines": [], "start_line": 2849}, "IngestWindow._on_reset_rules": {"executed_lines": [], "summary": {"covered_lines": 0, "num_statements": 10, "percent_covered": 0.0, "percent_covered_display": "0", "missing_lines": 10, "excluded_lines": 0, "percent_statements_covered": 0.0, "percent_statements_covered_display": "0"}, "missing_lines": [2876, 2877, 2879, 2888, 2890, 2891, 2892, 2895, 2901, 2902], "excluded_lines": [], "start_line": 2874}, "IngestWindow._on_launch_smart_pattern": {"executed_lines": [], "summary": {"covered_lines": 0, "num_statements": 22, "percent_covered": 0.0, "percent_covered_display": "0", "missing_lines": 22, "excluded_lines": 0, "percent_statements_covered": 0.0, "percent_statements_covered_display": "0"}, "missing_lines": [2906, 2907, 2909, 2910, 2911, 2913, 2914, 2915, 2916, 2919, 2920, 2921, 2922, 2923, 2924, 2928, 2929, 2930, 2933, 2934, 2935, 2937], "excluded_lines": [], "start_line": 2904}, "IngestWindow._on_load_edl": {"executed_lines": [], "summary": {"covered_lines": 0, "num_statements": 25, "percent_covered": 0.0, "percent_covered_display": "0", "missing_lines": 25, "excluded_lines": 0, "percent_statements_covered": 0.0, "percent_statements_covered_display": "0"}, "missing_lines": [2940, 2942, 2945, 2946, 2948, 2949, 2951, 2952, 2953, 2954, 2955, 2956, 2958, 2959, 2961, 2962, 2963, 2964, 2965, 2966, 2967, 2969, 2970, 2971, 2973], "excluded_lines": [], "start_line": 2939}, "IngestWindow.closeEvent": {"executed_lines": [], "summary": {"covered_lines": 0, "num_statements": 26, "percent_covered": 0.0, "percent_covered_display": "0", "missing_lines": 26, "excluded_lines": 0, "percent_statements_covered": 0.0, "percent_statements_covered_display": "0"}, "missing_lines": [2977, 2978, 2979, 2980, 2981, 2982, 2983, 2984, 2985, 2986, 2987, 2988, 2989, 2990, 2991, 2992, 2993, 2994, 2995, 2996, 2997, 2998, 2999, 3000, 3001, 3002], "excluded_lines": [], "start_line": 2975}, "IngestWindow._toggle_log": {"executed_lines": [], "summary": {"covered_lines": 0, "num_statements": 4, "percent_covered": 0.0, "percent_covered_display": "0", "missing_lines": 4, "excluded_lines": 0, "percent_statements_covered": 0.0, "percent_statements_covered_display": "0"}, "missing_lines": [3005, 3006, 3007, 3008], "excluded_lines": [], "start_line": 3004}, "launch_gui": {"executed_lines": [], "summary": {"covered_lines": 0, "num_statements": 9, "percent_covered": 0.0, "percent_covered_display": "0", "missing_lines": 9, "excluded_lines": 0, "percent_statements_covered": 0.0, "percent_statements_covered_display": "0"}, "missing_lines": [3018, 3019, 3022, 3023, 3025, 3027, 3028, 3031, 3032], "excluded_lines": [], "start_line": 3016}, "": {"executed_lines": [], "summary": {"covered_lines": 0, "num_statements": 96, "percent_covered": 0.0, "percent_covered_display": "0", "missing_lines": 96, "excluded_lines": 0, "percent_statements_covered": 0.0, "percent_statements_covered_display": "0"}, "missing_lines": [4, 6, 7, 8, 9, 11, 12, 22, 50, 51, 52, 53, 56, 69, 357, 365, 368, 369, 370, 372, 377, 388, 391, 393, 397, 405, 408, 409, 410, 411, 413, 435, 439, 468, 471, 508, 518, 527, 534, 934, 996, 1011, 1028, 1033, 1046, 1050, 1054, 1105, 1196, 1214, 1231, 1404, 1424, 1482, 1535, 1559, 1862, 1910, 2007, 2030, 2047, 2072, 2095, 2153, 2179, 2218, 2291, 2345, 2355, 2392, 2414, 2479, 2500, 2609, 2615, 2618, 2623, 2633, 2642, 2649, 2663, 2741, 2756, 2780, 2784, 2791, 2797, 2828, 2843, 2849, 2874, 2904, 2939, 2975, 3004, 3016], "excluded_lines": [], "start_line": 1}}, "classes": {"ScanWorker": {"executed_lines": [], "summary": {"covered_lines": 0, "num_statements": 8, "percent_covered": 0.0, "percent_covered_display": "0", "missing_lines": 8, "excluded_lines": 0, "percent_statements_covered": 0.0, "percent_statements_covered_display": "0"}, "missing_lines": [373, 374, 375, 378, 379, 383, 384, 385], "excluded_lines": [], "start_line": 365}, "ConnectionWorker": {"executed_lines": [], "summary": {"covered_lines": 0, "num_statements": 7, "percent_covered": 0.0, "percent_covered_display": "0", "missing_lines": 7, "excluded_lines": 0, "percent_statements_covered": 0.0, "percent_statements_covered_display": "0"}, "missing_lines": [394, 395, 398, 399, 400, 401, 402], "excluded_lines": [], "start_line": 388}, "IngestWorker": {"executed_lines": [], "summary": {"covered_lines": 0, "num_statements": 21, "percent_covered": 0.0, "percent_covered_display": "0", "missing_lines": 21, "excluded_lines": 0, "percent_statements_covered": 0.0, "percent_statements_covered_display": "0"}, "missing_lines": [424, 425, 426, 427, 428, 429, 430, 431, 432, 433, 437, 440, 442, 443, 444, 445, 446, 448, 458, 459, 460], "excluded_lines": [], "start_line": 405}, "IngestWindow": {"executed_lines": [], "summary": {"covered_lines": 0, "num_statements": 1438, "percent_covered": 0.0, "percent_covered_display": "0", "missing_lines": 1438, "excluded_lines": 0, "percent_statements_covered": 0.0, "percent_statements_covered_display": "0"}, "missing_lines": [472, 473, 474, 477, 478, 480, 481, 482, 483, 484, 485, 486, 488, 489, 490, 493, 496, 497, 498, 499, 501, 503, 506, 509, 520, 522, 524, 525, 529, 530, 536, 537, 538, 539, 540, 545, 546, 549, 550, 551, 553, 554, 555, 556, 558, 559, 560, 561, 562, 563, 564, 566, 567, 568, 569, 570, 571, 572, 573, 576, 577, 578, 581, 584, 585, 586, 587, 588, 589, 591, 594, 595, 598, 600, 603, 604, 605, 606, 607, 609, 614, 615, 620, 621, 622, 623, 624, 625, 626, 629, 630, 631, 633, 634, 635, 636, 637, 639, 642, 643, 644, 646, 647, 648, 649, 650, 652, 653, 654, 657, 658, 660, 661, 662, 665, 666, 668, 669, 670, 673, 674, 676, 679, 680, 681, 683, 684, 685, 686, 688, 689, 690, 691, 693, 696, 697, 698, 700, 705, 706, 707, 708, 711, 712, 713, 714, 715, 718, 719, 720, 736, 737, 738, 739, 740, 741, 742, 743, 744, 745, 748, 749, 750, 751, 754, 755, 756, 759, 760, 763, 764, 765, 767, 769, 774, 775, 776, 777, 778, 779, 780, 782, 783, 784, 786, 787, 788, 789, 790, 793, 795, 796, 799, 801, 806, 807, 810, 811, 813, 814, 815, 816, 817, 819, 820, 823, 825, 827, 828, 829, 830, 837, 839, 840, 841, 842, 845, 846, 847, 848, 849, 851, 853, 854, 855, 856, 857, 858, 859, 861, 864, 865, 866, 869, 870, 871, 872, 873, 874, 876, 879, 882, 883, 884, 885, 887, 889, 890, 891, 892, 893, 894, 896, 898, 899, 900, 901, 902, 905, 908, 911, 912, 913, 914, 919, 920, 921, 922, 923, 924, 925, 926, 927, 929, 930, 942, 959, 962, 964, 967, 969, 971, 972, 975, 977, 980, 983, 984, 985, 988, 989, 990, 991, 992, 994, 998, 999, 1001, 1002, 1003, 1004, 1005, 1007, 1008, 1009, 1015, 1018, 1021, 1026, 1030, 1031, 1035, 1038, 1039, 1040, 1041, 1044, 1048, 1052, 1056, 1058, 1059, 1062, 1064, 1065, 1067, 1068, 1069, 1070, 1073, 1075, 1076, 1077, 1078, 1079, 1080, 1081, 1084, 1085, 1086, 1087, 1088, 1090, 1091, 1092, 1093, 1094, 1095, 1096, 1097, 1098, 1100, 1101, 1103, 1107, 1108, 1109, 1110, 1111, 1114, 1115, 1116, 1117, 1119, 1122, 1123, 1126, 1127, 1128, 1131, 1136, 1137, 1138, 1140, 1142, 1143, 1145, 1149, 1151, 1153, 1154, 1156, 1160, 1162, 1164, 1165, 1166, 1167, 1169, 1170, 1171, 1172, 1174, 1175, 1177, 1178, 1182, 1183, 1190, 1193, 1194, 1198, 1199, 1200, 1201, 1202, 1204, 1206, 1207, 1208, 1209, 1210, 1212, 1216, 1219, 1220, 1221, 1222, 1223, 1226, 1227, 1228, 1229, 1233, 1234, 1235, 1236, 1238, 1241, 1242, 1245, 1246, 1247, 1250, 1251, 1252, 1255, 1256, 1257, 1260, 1261, 1264, 1265, 1267, 1268, 1271, 1272, 1274, 1275, 1277, 1278, 1279, 1280, 1281, 1282, 1283, 1285, 1287, 1290, 1291, 1293, 1294, 1295, 1296, 1298, 1299, 1301, 1302, 1303, 1304, 1306, 1307, 1309, 1310, 1311, 1313, 1314, 1315, 1317, 1318, 1319, 1320, 1322, 1324, 1326, 1329, 1330, 1332, 1333, 1334, 1335, 1336, 1338, 1339, 1340, 1341, 1343, 1345, 1348, 1350, 1352, 1353, 1355, 1356, 1357, 1358, 1360, 1361, 1362, 1363, 1364, 1366, 1367, 1368, 1369, 1371, 1372, 1373, 1375, 1377, 1380, 1381, 1382, 1396, 1397, 1398, 1399, 1400, 1402, 1406, 1407, 1410, 1411, 1412, 1413, 1415, 1417, 1421, 1422, 1438, 1439, 1440, 1441, 1442, 1443, 1446, 1447, 1448, 1449, 1456, 1458, 1460, 1461, 1462, 1463, 1464, 1465, 1466, 1467, 1469, 1470, 1471, 1472, 1473, 1474, 1477, 1479, 1480, 1484, 1485, 1488, 1489, 1490, 1491, 1492, 1493, 1496, 1497, 1502, 1503, 1504, 1505, 1506, 1508, 1510, 1512, 1515, 1518, 1531, 1532, 1533, 1537, 1538, 1540, 1541, 1542, 1543, 1545, 1546, 1547, 1548, 1549, 1550, 1551, 1552, 1554, 1555, 1556, 1557, 1562, 1565, 1567, 1568, 1570, 1571, 1575, 1576, 1578, 1579, 1582, 1583, 1585, 1586, 1587, 1588, 1589, 1590, 1591, 1592, 1593, 1594, 1597, 1599, 1600, 1601, 1602, 1605, 1606, 1607, 1609, 1610, 1611, 1612, 1613, 1615, 1616, 1619, 1620, 1621, 1622, 1624, 1625, 1628, 1629, 1630, 1631, 1632, 1633, 1634, 1636, 1637, 1639, 1640, 1641, 1645, 1646, 1649, 1650, 1651, 1652, 1653, 1655, 1656, 1658, 1659, 1661, 1664, 1665, 1666, 1667, 1668, 1669, 1671, 1672, 1675, 1676, 1677, 1678, 1679, 1681, 1682, 1685, 1686, 1689, 1690, 1692, 1693, 1694, 1695, 1696, 1697, 1699, 1700, 1702, 1703, 1704, 1708, 1709, 1712, 1713, 1714, 1715, 1716, 1720, 1722, 1723, 1724, 1725, 1726, 1728, 1729, 1731, 1732, 1733, 1737, 1738, 1741, 1742, 1743, 1744, 1745, 1747, 1748, 1749, 1750, 1751, 1753, 1754, 1756, 1757, 1758, 1762, 1763, 1766, 1767, 1768, 1769, 1770, 1772, 1773, 1774, 1775, 1776, 1778, 1779, 1781, 1782, 1783, 1787, 1788, 1792, 1793, 1794, 1796, 1797, 1798, 1799, 1801, 1802, 1803, 1804, 1805, 1807, 1808, 1809, 1812, 1815, 1816, 1817, 1819, 1820, 1821, 1822, 1823, 1824, 1825, 1827, 1829, 1830, 1835, 1836, 1837, 1838, 1840, 1841, 1842, 1843, 1844, 1845, 1846, 1847, 1849, 1851, 1852, 1857, 1859, 1860, 1865, 1866, 1870, 1871, 1873, 1874, 1875, 1879, 1881, 1882, 1883, 1885, 1886, 1891, 1892, 1895, 1896, 1897, 1898, 1901, 1902, 1905, 1906, 1908, 1913, 1914, 1915, 1917, 1918, 1919, 1920, 1921, 1922, 1924, 1925, 1927, 1928, 1929, 1931, 1932, 1935, 1936, 1937, 1938, 1939, 1940, 1941, 1942, 1945, 1947, 1948, 1949, 1951, 1954, 1955, 1958, 1959, 1961, 1965, 1970, 1971, 1972, 1974, 1975, 1979, 1980, 1981, 1982, 1983, 1984, 1985, 1988, 1989, 1990, 1991, 1992, 1994, 1996, 1997, 2002, 2004, 2005, 2009, 2011, 2012, 2013, 2015, 2019, 2020, 2021, 2022, 2023, 2024, 2025, 2026, 2028, 2032, 2033, 2034, 2036, 2037, 2038, 2039, 2040, 2041, 2042, 2043, 2045, 2049, 2051, 2052, 2053, 2055, 2061, 2062, 2063, 2064, 2065, 2066, 2067, 2068, 2070, 2074, 2076, 2077, 2078, 2080, 2086, 2087, 2088, 2089, 2090, 2093, 2097, 2099, 2100, 2101, 2104, 2121, 2122, 2123, 2124, 2131, 2140, 2141, 2142, 2143, 2144, 2146, 2147, 2148, 2149, 2151, 2155, 2156, 2157, 2159, 2160, 2161, 2163, 2166, 2168, 2169, 2171, 2174, 2176, 2177, 2181, 2182, 2183, 2186, 2187, 2188, 2189, 2190, 2191, 2192, 2193, 2194, 2195, 2196, 2199, 2200, 2201, 2203, 2206, 2207, 2208, 2209, 2210, 2211, 2212, 2213, 2216, 2220, 2221, 2222, 2225, 2226, 2227, 2228, 2229, 2230, 2231, 2232, 2233, 2234, 2235, 2238, 2239, 2240, 2241, 2244, 2245, 2246, 2247, 2248, 2249, 2250, 2251, 2254, 2258, 2259, 2260, 2262, 2263, 2264, 2265, 2266, 2267, 2268, 2271, 2272, 2273, 2274, 2275, 2277, 2278, 2279, 2284, 2286, 2287, 2293, 2298, 2304, 2306, 2309, 2311, 2312, 2317, 2331, 2334, 2335, 2339, 2341, 2342, 2343, 2347, 2348, 2350, 2351, 2352, 2353, 2357, 2358, 2360, 2368, 2369, 2370, 2372, 2373, 2374, 2377, 2378, 2381, 2382, 2383, 2384, 2387, 2390, 2394, 2395, 2398, 2399, 2400, 2403, 2404, 2406, 2407, 2410, 2411, 2412, 2417, 2419, 2420, 2421, 2422, 2424, 2425, 2426, 2427, 2428, 2429, 2432, 2433, 2434, 2435, 2436, 2439, 2440, 2441, 2442, 2445, 2446, 2448, 2451, 2452, 2455, 2456, 2457, 2460, 2461, 2462, 2463, 2464, 2466, 2467, 2471, 2472, 2475, 2476, 2477, 2480, 2481, 2482, 2483, 2485, 2487, 2489, 2490, 2491, 2492, 2493, 2495, 2496, 2498, 2501, 2502, 2503, 2504, 2505, 2507, 2508, 2511, 2512, 2513, 2516, 2517, 2524, 2531, 2533, 2534, 2538, 2539, 2542, 2543, 2546, 2547, 2551, 2552, 2554, 2557, 2558, 2559, 2560, 2561, 2562, 2564, 2566, 2570, 2571, 2572, 2575, 2577, 2583, 2588, 2592, 2597, 2598, 2602, 2603, 2607, 2611, 2616, 2620, 2621, 2625, 2626, 2630, 2631, 2635, 2638, 2640, 2644, 2645, 2647, 2650, 2651, 2652, 2654, 2655, 2656, 2658, 2659, 2661, 2665, 2666, 2669, 2670, 2671, 2673, 2676, 2677, 2678, 2680, 2681, 2682, 2684, 2685, 2686, 2688, 2689, 2690, 2692, 2693, 2694, 2696, 2698, 2699, 2700, 2702, 2704, 2705, 2706, 2708, 2709, 2710, 2712, 2715, 2716, 2717, 2718, 2720, 2721, 2724, 2726, 2727, 2728, 2731, 2733, 2735, 2736, 2737, 2739, 2742, 2743, 2745, 2746, 2750, 2751, 2752, 2753, 2754, 2758, 2760, 2761, 2762, 2763, 2764, 2765, 2767, 2769, 2770, 2771, 2773, 2775, 2776, 2777, 2778, 2781, 2782, 2785, 2786, 2787, 2788, 2789, 2792, 2793, 2794, 2795, 2798, 2799, 2800, 2802, 2803, 2804, 2805, 2806, 2809, 2810, 2812, 2822, 2823, 2824, 2825, 2826, 2829, 2830, 2832, 2833, 2835, 2836, 2837, 2838, 2839, 2841, 2844, 2845, 2846, 2847, 2852, 2853, 2854, 2859, 2860, 2861, 2862, 2864, 2865, 2866, 2867, 2868, 2871, 2872, 2876, 2877, 2879, 2888, 2890, 2891, 2892, 2895, 2901, 2902, 2906, 2907, 2909, 2910, 2911, 2913, 2914, 2915, 2916, 2919, 2920, 2921, 2922, 2923, 2924, 2928, 2929, 2930, 2933, 2934, 2935, 2937, 2940, 2942, 2945, 2946, 2948, 2949, 2951, 2952, 2953, 2954, 2955, 2956, 2958, 2959, 2961, 2962, 2963, 2964, 2965, 2966, 2967, 2969, 2970, 2971, 2973, 2977, 2978, 2979, 2980, 2981, 2982, 2983, 2984, 2985, 2986, 2987, 2988, 2989, 2990, 2991, 2992, 2993, 2994, 2995, 2996, 2997, 2998, 2999, 3000, 3001, 3002, 3005, 3006, 3007, 3008], "excluded_lines": [], "start_line": 468}, "": {"executed_lines": [], "summary": {"covered_lines": 0, "num_statements": 105, "percent_covered": 0.0, "percent_covered_display": "0", "missing_lines": 105, "excluded_lines": 0, "percent_statements_covered": 0.0, "percent_statements_covered_display": "0"}, "missing_lines": [4, 6, 7, 8, 9, 11, 12, 22, 50, 51, 52, 53, 56, 69, 357, 365, 368, 369, 370, 372, 377, 388, 391, 393, 397, 405, 408, 409, 410, 411, 413, 435, 439, 468, 471, 508, 518, 527, 534, 934, 996, 1011, 1028, 1033, 1046, 1050, 1054, 1105, 1196, 1214, 1231, 1404, 1424, 1482, 1535, 1559, 1862, 1910, 2007, 2030, 2047, 2072, 2095, 2153, 2179, 2218, 2291, 2345, 2355, 2392, 2414, 2479, 2500, 2609, 2615, 2618, 2623, 2633, 2642, 2649, 2663, 2741, 2756, 2780, 2784, 2791, 2797, 2828, 2843, 2849, 2874, 2904, 2939, 2975, 3004, 3016, 3018, 3019, 3022, 3023, 3025, 3027, 3028, 3031, 3032], "excluded_lines": [], "start_line": 1}}}, "ramses_ingest\\gui_widgets.py": {"executed_lines": [], "summary": {"covered_lines": 0, "num_statements": 114, "percent_covered": 0.0, "percent_covered_display": "0", "missing_lines": 114, "excluded_lines": 0, "percent_statements_covered": 0.0, "percent_statements_covered_display": "0"}, "missing_lines": [4, 6, 7, 8, 9, 10, 16, 22, 25, 26, 27, 29, 30, 31, 32, 33, 34, 36, 38, 45, 48, 50, 51, 52, 53, 54, 55, 57, 58, 59, 60, 61, 62, 64, 65, 66, 67, 68, 69, 71, 72, 73, 74, 76, 77, 78, 79, 81, 82, 83, 84, 85, 87, 88, 95, 98, 99, 100, 101, 102, 103, 105, 107, 108, 116, 118, 119, 121, 123, 124, 131, 134, 136, 137, 138, 139, 140, 147, 150, 151, 152, 153, 154, 156, 157, 159, 160, 161, 162, 163, 165, 166, 167, 168, 169, 170, 171, 173, 174, 176, 178, 179, 180, 181, 182, 183, 185, 186, 187, 188, 189, 190, 191, 192], "excluded_lines": [], "functions": {"GuiLogHandler.__init__": {"executed_lines": [], "summary": {"covered_lines": 0, "num_statements": 2, "percent_covered": 0.0, "percent_covered_display": "0", "missing_lines": 2, "excluded_lines": 0, "percent_statements_covered": 0.0, "percent_statements_covered_display": "0"}, "missing_lines": [26, 27], "excluded_lines": [], "start_line": 25}, "GuiLogHandler.emit": {"executed_lines": [], "summary": {"covered_lines": 0, "num_statements": 5, "percent_covered": 0.0, "percent_covered_display": "0", "missing_lines": 5, "excluded_lines": 0, "percent_statements_covered": 0.0, "percent_statements_covered_display": "0"}, "missing_lines": [30, 31, 32, 33, 34], "excluded_lines": [], "start_line": 29}, "GuiLogHandler.handle_record": {"executed_lines": [], "summary": {"covered_lines": 0, "num_statements": 1, "percent_covered": 0.0, "percent_covered_display": "0", "missing_lines": 1, "excluded_lines": 0, "percent_statements_covered": 0.0, "percent_statements_covered_display": "0"}, "missing_lines": [38], "excluded_lines": [], "start_line": 36}, "DropZone.__init__": {"executed_lines": [], "summary": {"covered_lines": 0, "num_statements": 11, "percent_covered": 0.0, "percent_covered_display": "0", "missing_lines": 11, "excluded_lines": 0, "percent_statements_covered": 0.0, "percent_statements_covered_display": "0"}, "missing_lines": [51, 52, 53, 54, 55, 57, 58, 59, 60, 61, 62], "excluded_lines": [], "start_line": 50}, "DropZone.dragEnterEvent": {"executed_lines": [], "summary": {"covered_lines": 0, "num_statements": 5, "percent_covered": 0.0, "percent_covered_display": "0", "missing_lines": 5, "excluded_lines": 0, "percent_statements_covered": 0.0, "percent_statements_covered_display": "0"}, "missing_lines": [65, 66, 67, 68, 69], "excluded_lines": [], "start_line": 64}, "DropZone.dragLeaveEvent": {"executed_lines": [], "summary": {"covered_lines": 0, "num_statements": 3, "percent_covered": 0.0, "percent_covered_display": "0", "missing_lines": 3, "excluded_lines": 0, "percent_statements_covered": 0.0, "percent_statements_covered_display": "0"}, "missing_lines": [72, 73, 74], "excluded_lines": [], "start_line": 71}, "DropZone.dropEvent": {"executed_lines": [], "summary": {"covered_lines": 0, "num_statements": 10, "percent_covered": 0.0, "percent_covered_display": "0", "missing_lines": 10, "excluded_lines": 0, "percent_statements_covered": 0.0, "percent_statements_covered_display": "0"}, "missing_lines": [77, 78, 79, 81, 82, 83, 84, 85, 87, 88], "excluded_lines": [], "start_line": 76}, "StatusIndicator.__init__": {"executed_lines": [], "summary": {"covered_lines": 0, "num_statements": 5, "percent_covered": 0.0, "percent_covered_display": "0", "missing_lines": 5, "excluded_lines": 0, "percent_statements_covered": 0.0, "percent_statements_covered_display": "0"}, "missing_lines": [99, 100, 101, 102, 103], "excluded_lines": [], "start_line": 98}, "StatusIndicator.set_status": {"executed_lines": [], "summary": {"covered_lines": 0, "num_statements": 8, "percent_covered": 0.0, "percent_covered_display": "0", "missing_lines": 8, "excluded_lines": 0, "percent_statements_covered": 0.0, "percent_statements_covered_display": "0"}, "missing_lines": [107, 108, 116, 118, 119, 121, 123, 124], "excluded_lines": [], "start_line": 105}, "EditableDelegate.createEditor": {"executed_lines": [], "summary": {"covered_lines": 0, "num_statements": 5, "percent_covered": 0.0, "percent_covered_display": "0", "missing_lines": 5, "excluded_lines": 0, "percent_statements_covered": 0.0, "percent_statements_covered_display": "0"}, "missing_lines": [136, 137, 138, 139, 140], "excluded_lines": [], "start_line": 134}, "RulesEditorDialog.__init__": {"executed_lines": [], "summary": {"covered_lines": 0, "num_statements": 21, "percent_covered": 0.0, "percent_covered_display": "0", "missing_lines": 21, "excluded_lines": 0, "percent_statements_covered": 0.0, "percent_statements_covered_display": "0"}, "missing_lines": [151, 152, 153, 154, 156, 157, 159, 160, 161, 162, 163, 165, 166, 167, 168, 169, 170, 171, 173, 174, 176], "excluded_lines": [], "start_line": 150}, "RulesEditorDialog._load": {"executed_lines": [], "summary": {"covered_lines": 0, "num_statements": 5, "percent_covered": 0.0, "percent_covered_display": "0", "missing_lines": 5, "excluded_lines": 0, "percent_statements_covered": 0.0, "percent_statements_covered_display": "0"}, "missing_lines": [179, 180, 181, 182, 183], "excluded_lines": [], "start_line": 178}, "RulesEditorDialog._save": {"executed_lines": [], "summary": {"covered_lines": 0, "num_statements": 7, "percent_covered": 0.0, "percent_covered_display": "0", "missing_lines": 7, "excluded_lines": 0, "percent_statements_covered": 0.0, "percent_statements_covered_display": "0"}, "missing_lines": [186, 187, 188, 189, 190, 191, 192], "excluded_lines": [], "start_line": 185}, "": {"executed_lines": [], "summary": {"covered_lines": 0, "num_statements": 26, "percent_covered": 0.0, "percent_covered_display": "0", "missing_lines": 26, "excluded_lines": 0, "percent_statements_covered": 0.0, "percent_statements_covered_display": "0"}, "missing_lines": [4, 6, 7, 8, 9, 10, 16, 22, 25, 29, 36, 45, 48, 50, 64, 71, 76, 95, 98, 105, 131, 134, 147, 150, 178, 185], "excluded_lines": [], "start_line": 1}}, "classes": {"GuiLogHandler": {"executed_lines": [], "summary": {"covered_lines": 0, "num_statements": 8, "percent_covered": 0.0, "percent_covered_display": "0", "missing_lines": 8, "excluded_lines": 0, "percent_statements_covered": 0.0, "percent_statements_covered_display": "0"}, "missing_lines": [26, 27, 30, 31, 32, 33, 34, 38], "excluded_lines": [], "start_line": 22}, "DropZone": {"executed_lines": [], "summary": {"covered_lines": 0, "num_statements": 29, "percent_covered": 0.0, "percent_covered_display": "0", "missing_lines": 29, "excluded_lines": 0, "percent_statements_covered": 0.0, "percent_statements_covered_display": "0"}, "missing_lines": [51, 52, 53, 54, 55, 57, 58, 59, 60, 61, 62, 65, 66, 67, 68, 69, 72, 73, 74, 77, 78, 79, 81, 82, 83, 84, 85, 87, 88], "excluded_lines": [], "start_line": 45}, "StatusIndicator": {"executed_lines": [], "summary": {"covered_lines": 0, "num_statements": 13, "percent_covered": 0.0, "percent_covered_display": "0", "missing_lines": 13, "excluded_lines": 0, "percent_statements_covered": 0.0, "percent_statements_covered_display": "0"}, "missing_lines": [99, 100, 101, 102, 103, 107, 108, 116, 118, 119, 121, 123, 124], "excluded_lines": [], "start_line": 95}, "EditableDelegate": {"executed_lines": [], "summary": {"covered_lines": 0, "num_statements": 5, "percent_covered": 0.0, "percent_covered_display": "0", "missing_lines": 5, "excluded_lines": 0, "percent_statements_covered": 0.0, "percent_statements_covered_display": "0"}, "missing_lines": [136, 137, 138, 139, 140], "excluded_lines": [], "start_line": 131}, "RulesEditorDialog": {"executed_lines": [], "summary": {"covered_lines": 0, "num_statements": 33, "percent_covered": 0.0, "percent_covered_display": "0", "missing_lines": 33, "excluded_lines": 0, "percent_statements_covered": 0.0, "percent_statements_covered_display": "0"}, "missing_lines": [151, 152, 153, 154, 156, 157, 159, 160, 161, 162, 163, 165, 166, 167, 168, 169, 170, 171, 173, 174, 176, 179, 180, 181, 182, 183, 186, 187, 188, 189, 190, 191, 192], "excluded_lines": [], "start_line": 147}, "": {"executed_lines": [], "summary": {"covered_lines": 0, "num_statements": 26, "percent_covered": 0.0, "percent_covered_display": "0", "missing_lines": 26, "excluded_lines": 0, "percent_statements_covered": 0.0, "percent_statements_covered_display": "0"}, "missing_lines": [4, 6, 7, 8, 9, 10, 16, 22, 25, 29, 36, 45, 48, 50, 64, 71, 76, 95, 98, 105, 131, 134, 147, 150, 178, 185], "excluded_lines": [], "start_line": 1}}}, "ramses_ingest\\matcher.py": {"executed_lines": [11, 13, 14, 15, 16, 17, 19, 23, 24, 27, 29, 32, 45, 46, 49, 52, 53, 54, 57, 58, 59, 61, 64, 65, 68, 69, 70, 71, 72, 73, 74, 76, 77, 80, 81, 89, 90, 91, 92, 93, 94, 95, 97, 99, 100, 105, 106, 111, 113, 114, 117, 120, 121, 122, 124, 125, 126, 129, 130, 131, 132, 133, 134, 136, 137, 146, 147, 153, 158, 163, 166, 171, 172, 174, 175, 176, 177, 179, 182, 187, 190, 191, 192, 193, 194, 196, 197, 198, 200, 201, 204, 205, 207, 208, 211, 212, 213, 215, 216, 217, 221, 227, 228, 229, 231, 232], "summary": {"covered_lines": 106, "num_statements": 117, "percent_covered": 90.5982905982906, "percent_covered_display": "91", "missing_lines": 11, "excluded_lines": 0, "percent_statements_covered": 90.5982905982906, "percent_statements_covered_display": "91"}, "missing_lines": [101, 107, 108, 112, 138, 139, 142, 143, 218, 222, 224], "excluded_lines": [], "functions": {"_validate_id": {"executed_lines": [45, 46, 49, 52, 53, 54, 57, 58, 59, 61], "summary": {"covered_lines": 10, "num_statements": 10, "percent_covered": 100.0, "percent_covered_display": "100", "mi
[...]
tatements": 20, "percent_covered": 0.0, "percent_covered_display": "0", "missing_lines": 20, "excluded_lines": 0, "percent_statements_covered": 0.0, "percent_statements_covered_display": "0"}, "missing_lines": [164, 165, 167, 168, 170, 171, 172, 173, 174, 175, 177, 178, 179, 181, 182, 184, 185, 186, 187, 188], "excluded_lines": [], "start_line": 162}, "AnnotationsTable.remove_annotation": {"executed_lines": [], "summary": {"covered_lines": 0, "num_statements": 1, "percent_covered": 0.0, "percent_covered_display": "0", "missing_lines": 1, "excluded_lines": 0, "percent_statements_covered": 0.0, "percent_statements_covered_display": "0"}, "missing_lines": [192], "excluded_lines": [], "start_line": 190}, "ResultsPreviewTable.__init__": {"executed_lines": [], "summary": {"covered_lines": 0, "num_statements": 3, "percent_covered": 0.0, "percent_covered_display": "0", "missing_lines": 3, "excluded_lines": 0, "percent_statements_covered": 0.0, "percent_statements_covered_display": "0"}, "missing_lines": [199, 200, 215], "excluded_lines": [], "start_line": 198}, "ResultsPreviewTable.update_preview": {"executed_lines": [], "summary": {"covered_lines": 0, "num_statements": 26, "percent_covered": 0.0, "percent_covered_display": "0", "missing_lines": 26, "excluded_lines": 0, "percent_statements_covered": 0.0, "percent_statements_covered_display": "0"}, "missing_lines": [219, 221, 222, 223, 224, 226, 227, 229, 230, 231, 232, 233, 235, 236, 237, 238, 240, 241, 242, 243, 244, 245, 246, 248, 249, 250], "excluded_lines": [], "start_line": 217}, "SmartPatternDialog.__init__": {"executed_lines": [], "summary": {"covered_lines": 0, "num_statements": 12, "percent_covered": 0.0, "percent_covered_display": "0", "missing_lines": 12, "excluded_lines": 0, "percent_statements_covered": 0.0, "percent_statements_covered_display": "0"}, "missing_lines": [257, 258, 259, 260, 262, 263, 264, 265, 266, 267, 268, 270], "excluded_lines": [], "start_line": 256}, "SmartPatternDialog._setup_ui": {"executed_lines": [], "summary": {"covered_lines": 0, "num_statements": 74, "percent_covered": 0.0, "percent_covered_display": "0", "missing_lines": 74, "excluded_lines": 0, "percent_statements_covered": 0.0, "percent_statements_covered_display": "0"}, "missing_lines": [273, 274, 275, 277, 278, 279, 281, 284, 285, 286, 289, 294, 295, 296, 299, 300, 301, 303, 304, 305, 306, 309, 310, 311, 313, 314, 315, 316, 317, 320, 321, 322, 324, 325, 326, 327, 329, 330, 331, 333, 334, 335, 336, 337, 338, 339, 340, 341, 343, 344, 345, 350, 351, 352, 354, 355, 356, 357, 358, 359, 361, 362, 363, 365, 366, 367, 368, 370, 371, 373, 374, 375, 378, 379], "excluded_lines": [], "start_line": 272}, "SmartPatternDialog._create_annotation_button": {"executed_lines": [], "summary": {"covered_lines": 0, "num_statements": 4, "percent_covered": 0.0, "percent_covered_display": "0", "missing_lines": 4, "excluded_lines": 0, "percent_statements_covered": 0.0, "percent_statements_covered_display": "0"}, "missing_lines": [382, 383, 384, 385], "excluded_lines": [], "start_line": 381}, "SmartPatternDialog._create_footer": {"executed_lines": [], "summary": {"covered_lines": 0, "num_statements": 15, "percent_covered": 0.0, "percent_covered_display": "0", "missing_lines": 15, "excluded_lines": 0, "percent_statements_covered": 0.0, "percent_statements_covered_display": "0"}, "missing_lines": [388, 389, 390, 391, 392, 393, 394, 395, 396, 397, 398, 399, 400, 401, 402], "excluded_lines": [], "start_line": 387}, "SmartPatternDialog._on_samples_changed": {"executed_lines": [], "summary": {"covered_lines": 0, "num_statements": 13, "percent_covered": 0.0, "percent_covered_display": "0", "missing_lines": 13, "excluded_lines": 0, "percent_statements_covered": 0.0, "percent_statements_covered_display": "0"}, "missing_lines": [405, 407, 410, 411, 412, 413, 414, 416, 417, 419, 420, 421, 422], "excluded_lines": [], "start_line": 404}, "SmartPatternDialog._on_negative_samples_changed": {"executed_lines": [], "summary": {"covered_lines": 0, "num_statements": 8, "percent_covered": 0.0, "percent_covered_display": "0", "missing_lines": 8, "excluded_lines": 0, "percent_statements_covered": 0.0, "percent_statements_covered_display": "0"}, "missing_lines": [425, 427, 430, 431, 432, 433, 434, 436], "excluded_lines": [], "start_line": 424}, "SmartPatternDialog._on_example_selected": {"executed_lines": [], "summary": {"covered_lines": 0, "num_statements": 9, "percent_covered": 0.0, "percent_covered_display": "0", "missing_lines": 9, "excluded_lines": 0, "percent_statements_covered": 0.0, "percent_statements_covered_display": "0"}, "missing_lines": [439, 440, 444, 445, 447, 448, 449, 450, 451], "excluded_lines": [], "start_line": 438}, "SmartPatternDialog._on_text_selected": {"executed_lines": [], "summary": {"covered_lines": 0, "num_statements": 3, "percent_covered": 0.0, "percent_covered_display": "0", "missing_lines": 3, "excluded_lines": 0, "percent_statements_covered": 0.0, "percent_statements_covered_display": "0"}, "missing_lines": [454, 455, 456], "excluded_lines": [], "start_line": 453}, "SmartPatternDialog._toggle_annotation_buttons": {"executed_lines": [], "summary": {"covered_lines": 0, "num_statements": 5, "percent_covered": 0.0, "percent_covered_display": "0", "missing_lines": 5, "excluded_lines": 0, "percent_statements_covered": 0.0, "percent_statements_covered_display": "0"}, "missing_lines": [459, 460, 461, 462, 463], "excluded_lines": [], "start_line": 458}, "SmartPatternDialog._add_annotation": {"executed_lines": [], "summary": {"covered_lines": 0, "num_statements": 21, "percent_covered": 0.0, "percent_covered_display": "0", "missing_lines": 21, "excluded_lines": 0, "percent_statements_covered": 0.0, "percent_statements_covered_display": "0"}, "missing_lines": [466, 467, 469, 472, 473, 474, 475, 476, 477, 479, 481, 489, 490, 493, 500, 501, 503, 504, 505, 506, 508], "excluded_lines": [], "start_line": 465}, "SmartPatternDialog._remove_annotation": {"executed_lines": [], "summary": {"covered_lines": 0, "num_statements": 5, "percent_covered": 0.0, "percent_covered_display": "0", "missing_lines": 5, "excluded_lines": 0, "percent_statements_covered": 0.0, "percent_statements_covered_display": "0"}, "missing_lines": [511, 514, 515, 516, 517], "excluded_lines": [], "start_line": 510}, "SmartPatternDialog._update_pattern_and_preview": {"executed_lines": [], "summary": {"covered_lines": 0, "num_statements": 23, "percent_covered": 0.0, "percent_covered_display": "0", "missing_lines": 23, "excluded_lines": 0, "percent_statements_covered": 0.0, "percent_statements_covered_display": "0"}, "missing_lines": [520, 521, 522, 523, 524, 525, 527, 528, 533, 534, 535, 536, 538, 539, 540, 541, 543, 545, 550, 552, 553, 554, 555], "excluded_lines": [], "start_line": 519}, "SmartPatternDialog.get_final_regex": {"executed_lines": [], "summary": {"covered_lines": 0, "num_statements": 1, "percent_covered": 0.0, "percent_covered_display": "0", "missing_lines": 1, "excluded_lines": 0, "percent_statements_covered": 0.0, "percent_statements_covered_display": "0"}, "missing_lines": [558], "excluded_lines": [], "start_line": 557}, "SmartPatternDialog._on_reset": {"executed_lines": [], "summary": {"covered_lines": 0, "num_statements": 14, "percent_covered": 0.0, "percent_covered_display": "0", "missing_lines": 14, "excluded_lines": 0, "percent_statements_covered": 0.0, "percent_statements_covered_display": "0"}, "missing_lines": [561, 562, 563, 564, 565, 567, 568, 569, 570, 571, 572, 574, 575, 576], "excluded_lines": [], "start_line": 560}, "": {"executed_lines": [], "summary": {"covered_lines": 0, "num_statements": 40, "percent_covered": 0.0, "percent_covered_display": "0", "missing_lines": 40, "excluded_lines": 0, "percent_statements_covered": 0.0, "percent_statements_covered_display": "0"}, "missing_lines": [8, 10, 11, 12, 13, 15, 16, 17, 35, 36, 43, 54, 57, 59, 75, 85, 120, 123, 125, 149, 162, 190, 195, 198, 217, 253, 256, 272, 381, 387, 404, 424, 438, 453, 458, 465, 510, 519, 557, 560], "excluded_lines": [], "start_line": 1}}, "classes": {"AnnotatableTextEdit": {"executed_lines": [], "summary": {"covered_lines": 0, "num_statements": 33, "percent_covered": 0.0, "percent_covered_display": "0", "missing_lines": 33, "excluded_lines": 0, "percent_statements_covered": 0.0, "percent_statements_covered_display": "0"}, "missing_lines": [60, 61, 62, 63, 77, 78, 79, 80, 81, 82, 83, 87, 89, 90, 92, 94, 95, 97, 98, 100, 101, 102, 103, 104, 106, 108, 109, 110, 111, 113, 114, 115, 117], "excluded_lines": [], "start_line": 54}, "AnnotationsTable": {"executed_lines": [], "summary": {"covered_lines": 0, "num_statements": 39, "percent_covered": 0.0, "percent_covered_display": "0", "missing_lines": 39, "excluded_lines": 0, "percent_statements_covered": 0.0, "percent_statements_covered_display": "0"}, "missing_lines": [126, 127, 128, 129, 130, 131, 132, 133, 134, 135, 151, 153, 154, 155, 156, 158, 159, 160, 164, 165, 167, 168, 170, 171, 172, 173, 174, 175, 177, 178, 179, 181, 182, 184, 185, 186, 187, 188, 192], "excluded_lines": [], "start_line": 120}, "ResultsPreviewTable": {"executed_lines": [], "summary": {"covered_lines": 0, "num_statements": 29, "percent_covered": 0.0, "percent_covered_display": "0", "missing_lines": 29, "excluded_lines": 0, "percent_statements_covered": 0.0, "percent_statements_covered_display": "0"}, "missing_lines": [199, 200, 215, 219, 221, 222, 223, 224, 226, 227, 229, 230, 231, 232, 233, 235, 236, 237, 238, 240, 241, 242, 243, 244, 245, 246, 248, 249, 250], "excluded_lines": [], "start_line": 195}, "SmartPatternDialog": {"executed_lines": [], "summary": {"covered_lines": 0, "num_statements": 207, "percent_covered": 0.0, "percent_covered_display": "0", "missing_lines": 207, "excluded_lines": 0, "percent_statements_covered": 0.0, "percent_statements_covered_display": "0"}, "missing_lines": [257, 258, 259, 260, 262, 263, 264, 265, 266, 267, 268, 270, 273, 274, 275, 277, 278, 279, 281, 284, 285, 286, 289, 294, 295, 296, 299, 300, 301, 303, 304, 305, 306, 309, 310, 311, 313, 314, 315, 316, 317, 320, 321, 322, 324, 325, 326, 327, 329, 330, 331, 333, 334, 335, 336, 337, 338, 339, 340, 341, 343, 344, 345, 350, 351, 352, 354, 355, 356, 357, 358, 359, 361, 362, 363, 365, 366, 367, 368, 370, 371, 373, 374, 375, 378, 379, 382, 383, 384, 385, 388, 389, 390, 391, 392, 393, 394, 395, 396, 397, 398, 399, 400, 401, 402, 405, 407, 410, 411, 412, 413, 414, 416, 417, 419, 420, 421, 422, 425, 427, 430, 431, 432, 433, 434, 436, 439, 440, 444, 445, 447, 448, 449, 450, 451, 454, 455, 456, 459, 460, 461, 462, 463, 466, 467, 469, 472, 473, 474, 475, 476, 477, 479, 481, 489, 490, 493, 500, 501, 503, 504, 505, 506, 508, 511, 514, 515, 516, 517, 520, 521, 522, 523, 524, 525, 527, 528, 533, 534, 535, 536, 538, 539, 540, 541, 543, 545, 550, 552, 553, 554, 555, 558, 561, 562, 563, 564, 565, 567, 568, 569, 570, 571, 572, 574, 575, 576], "excluded_lines": [], "start_line": 253}, "": {"executed_lines": [], "summary": {"covered_lines": 0, "num_statements": 40, "percent_covered": 0.0, "percent_covered_display": "0", "missing_lines": 40, "excluded_lines": 0, "percent_statements_covered": 0.0, "percent_statements_covered_display": "0"}, "missing_lines": [8, 10, 11, 12, 13, 15, 16, 17, 35, 36, 43, 54, 57, 59, 75, 85, 120, 123, 125, 149, 162, 190, 195, 198, 217, 253, 256, 272, 381, 387, 404, 424, 438, 453, 458, 465, 510, 519, 557, 560], "excluded_lines": [], "start_line": 1}}}, "ramses_ingest\\validator.py": {"executed_lines": [12, 14, 15, 16, 17, 18, 25, 28, 34, 35, 37, 39, 42, 43, 45, 46, 47, 50, 66, 68, 69, 72, 73, 75, 76, 79, 85, 87, 88, 91, 93, 95, 98, 99, 100, 107, 108, 110, 111, 112, 119, 120, 121, 122, 123, 124, 126, 130, 131, 133, 134, 136, 141, 144, 165, 166, 169, 173, 175, 176, 177, 181, 182, 185, 186, 191, 192, 198, 199, 202, 203, 207, 208, 209, 211, 212, 213, 215, 218, 227, 228, 229, 231, 232, 234, 235, 237, 240, 241, 242, 245, 246, 247, 249, 251, 258, 259, 261, 262, 263, 264, 266, 267, 268, 271, 278, 279, 280, 281, 283, 285, 286, 287, 288, 289, 290, 291, 292, 294, 296, 297, 298, 299, 300, 308, 314, 318, 327, 328, 329, 332, 334, 336, 337, 339, 340, 341, 343, 346, 347, 350, 351, 354, 355, 356, 357, 360, 361, 362, 363, 365, 367, 368, 369, 371, 374, 384, 385, 387, 388, 390, 391, 392, 394, 395, 396, 397, 399], "summary": {"covered_lines": 168, "num_statements": 179, "percent_covered": 93.85474860335195, "percent_covered_display": "94", "missing_lines": 11, "excluded_lines": 3, "percent_statements_covered": 93.85474860335195, "percent_statements_covered_display": "94"}, "missing_lines": [178, 183, 187, 204, 252, 254, 301, 302, 307, 315, 316], "excluded_lines": [20, 21, 22], "functions": {"_first_frame_filename": {"executed_lines": [34, 39], "summary": {"covered_lines": 2, "num_statements": 2, "percent_covered": 100.0, "percent_covered_display": "100", "missing_lines": 0, "excluded_lines": 0, "percent_statements_covered": 100.0, "percent_statements_covered_display": "100"}, "missing_lines": [], "excluded_lines": [], "start_line": 28}, "_first_frame_filename._sort_key": {"executed_lines": [35, 37], "summary": {"covered_lines": 2, "num_statements": 2, "percent_covered": 100.0, "percent_covered_display": "100", "missing_lines": 0, "excluded_lines": 0, "percent_statements_covered": 100.0, "percent_statements_covered_display": "100"}, "missing_lines": [], "excluded_lines": [], "start_line": 34}, "validate_batch_colorspace": {"executed_lines": [66, 68, 69, 72, 73, 75, 76, 79, 85, 87, 88, 91, 93, 95, 98, 99, 100, 107, 108, 110, 111, 112, 119, 120, 121, 122, 123, 124, 126, 130, 131, 133, 134, 136, 141], "summary": {"covered_lines": 35, "num_statements": 35, "percent_covered": 100.0, "percent_covered_display": "100", "missing_lines": 0, "excluded_lines": 0, "percent_statements_covered": 100.0, "percent_statements_covered_display": "100"}, "missing_lines": [], "excluded_lines": [], "start_line": 50}, "check_for_duplicate_version": {"executed_lines": [165, 166, 169, 173, 175, 176, 177, 181, 182, 185, 186, 191, 192, 198, 199, 202, 203, 207, 208, 209, 211, 212, 213, 215], "summary": {"covered_lines": 24, "num_statements": 28, "percent_covered": 85.71428571428571, "percent_covered_display": "86", "missing_lines": 4, "excluded_lines": 0, "percent_statements_covered": 85.71428571428571, "percent_statements_covered_display": "86"}, "missing_lines": [178, 183, 187, 204], "excluded_lines": [], "start_line": 144}, "_calculate_md5_safe": {"executed_lines": [227, 228, 229, 231, 232, 234, 235, 237, 240, 241, 242, 245, 246, 247, 249, 251], "summary": {"covered_lines": 16, "num_statements": 18, "percent_covered": 88.88888888888889, "percent_covered_display": "89", "missing_lines": 2, "excluded_lines": 0, "percent_statements_covered": 88.88888888888889, "percent_statements_covered_display": "89"}, "missing_lines": [252, 254], "excluded_lines": [], "start_line": 218}, "EDLExpectation.expected_frame_count": {"executed_lines": [268], "summary": {"covered_lines": 1, "num_statements": 1, "percent_covered": 100.0, "percent_covered_display": "100", "missing_lines": 0, "excluded_lines": 0, "percent_statements_covered": 100.0, "percent_statements_covered_display": "100"}, "missing_lines": [], "excluded_lines": [], "start_line": 267}, "EDLValidator.__init__": {"executed_lines": [279, 280, 281], "summary": {"covered_lines": 3, "num_statements": 3, "percent_covered": 100.0, "percent_covered_display": "100", "missing_lines": 0, "excluded_lines": 0, "percent_statements_covered": 100.0, "percent_statements_covered_display": "100"}, "missing_lines": [], "excluded_lines": [], "start_line": 278}, "EDLValidator._parse_expectations": {"executed_lines": [285, 286, 287, 288, 289, 290, 291, 292, 294, 296, 297, 298, 299, 300, 308, 314], "summary": {"covered_lines": 16, "num_statements": 21, "percent_covered": 76.19047619047619, "percent_covered_display": "76", "missing_lines": 5, "excluded_lines": 0, "percent_statements_covered": 76.19047619047619, "percent_statements_covered_display": "76"}, "missing_lines": [301, 302, 307, 315, 316], "excluded_lines": [], "start_line": 283}, "EDLValidator.validate_clip": {"executed_lines": [327, 328, 329, 332, 334, 336, 337, 339, 340, 341, 343, 346, 347, 350, 351, 354, 355, 356, 357, 360, 361, 362, 363, 365, 367, 368, 369, 371], "summary": {"covered_lines": 28, "num_statements": 28, "percent_covered": 100.0, "percent_covered_display": "100", "missing_lines": 0, "excluded_lines": 0, "percent_statements_covered": 100.0, "percent_statements_covered_display": "100"}, "missing_lines": [], "excluded_lines": [], "start_line": 318}, "validate_plans_against_edl": {"executed_lines": [384, 385, 387, 388, 390, 391, 392, 394, 395, 396, 397, 399], "summary": {"covered_lines": 12, "num_statements": 12, "percent_covered": 100.0, "percent_covered_display": "100", "missing_lines": 0, "excluded_lines": 0, "percent_statements_covered": 100.0, "percent_statements_covered_display": "100"}, "missing_lines": [], "excluded_lines": [], "start_line": 374}, "": {"executed_lines": [12, 14, 15, 16, 17, 18, 25, 28, 42, 43, 45, 46, 47, 50, 144, 218, 258, 259, 261, 262, 263, 264, 266, 267, 271, 278, 283, 318, 374], "summary": {"covered_lines": 29, "num_statements": 29, "percent_covered": 100.0, "percent_covered_display": "100", "missing_lines": 0, "excluded_lines": 3, "percent_statements_covered": 100.0, "percent_statements_covered_display": "100"}, "missing_lines": [], "excluded_lines": [20, 21, 22], "start_line": 1}}, "classes": {"ColorspaceIssue": {"executed_lines": [], "summary": {"covered_lines": 0, "num_statements": 0, "percent_covered": 100.0, "percent_covered_display": "100", "missing_lines": 0, "excluded_lines": 0, "percent_statements_covered": 100.0, "percent_statements_covered_display": "100"}, "missing_lines": [], "excluded_lines": [], "start_line": 43}, "EDLExpectation": {"executed_lines": [268], "summary": {"covered_lines": 1, "num_statements": 1, "percent_covered": 100.0, "percent_covered_display": "100", "missing_lines": 0, "excluded_lines": 0, "percent_statements_covered": 100.0, "percent_statements_covered_display": "100"}, "missing_lines": [], "excluded_lines": [], "start_line": 259}, "EDLValidator": {"executed_lines": [279, 280, 281, 285, 286, 287, 288, 289, 290, 291, 292, 294, 296, 297, 298, 299, 300, 308, 314, 327, 328, 329, 332, 334, 336, 337, 339, 340, 341, 343, 346, 347, 350, 351, 354, 355, 356, 357, 360, 361, 362, 363, 365, 367, 368, 369, 371], "summary": {"covered_lines": 47, "num_statements": 52, "percent_covered": 90.38461538461539, "percent_covered_display": "90", "missing_lines": 5, "excluded_lines": 0, "percent_statements_covered": 90.38461538461539, "percent_statements_covered_display": "90"}, "missing_lines": [301, 302, 307, 315, 316], "excluded_lines": [], "start_line": 271}, "": {"executed_lines": [12, 14, 15, 16, 17, 18, 25, 28, 34, 35, 37, 39, 42, 43, 45, 46, 47, 50, 66, 68, 69, 72, 73, 75, 76, 79, 85, 87, 88, 91, 93, 95, 98, 99, 100, 107, 108, 110, 111, 112, 119, 120, 121, 122, 123, 124, 126, 130, 131, 133, 134, 136, 141, 144, 165, 166, 169, 173, 175, 176, 177, 181, 182, 185, 186, 191, 192, 198, 199, 202, 203, 207, 208, 209, 211, 212, 213, 215, 218, 227, 228, 229, 231, 232, 234, 235, 237, 240, 241, 242, 245, 246, 247, 249, 251, 258, 259, 261, 262, 263, 264, 266, 267, 271, 278, 283, 318, 374, 384, 385, 387, 388, 390, 391, 392, 394, 395, 396, 397, 399], "summary": {"covered_lines": 120, "num_statements": 126, "percent_covered": 95.23809523809524, "percent_covered_display": "95", "missing_lines": 6, "excluded_lines": 3, "percent_statements_covered": 95.23809523809524, "percent_statements_covered_display": "95"}, "missing_lines": [178, 183, 187, 204, 252, 254], "excluded_lines": [20, 21, 22], "start_line": 1}}}}, "totals": {"covered_lines": 1586, "num_statements": 4087, "percent_covered": 38.80597014925373, "percent_covered_display": "39", "missing_lines": 2501, "excluded_lines": 5, "percent_statements_covered": 38.80597014925373, "percent_statements_covered_display": "39"}}